2024-05-05T20:22:50.6371672-03:00  [INF] Now listening on: "http://localhost:5226" (d826f4b8)
2024-05-05T20:22:50.7356756-03:00  [INF] Application started. Press Ctrl+C to shut down. (dcaefe54)
2024-05-05T20:22:50.7364308-03:00  [INF] Hosting environment: "Development" (bc5a1a4e)
2024-05-05T20:22:50.7364994-03:00  [INF] Content root path: "C:\Aula Juliano\Aula-Juliano\ApiWebDB" (cc26f24e)
2024-05-05T20:22:50.8811613-03:00 0HN3DB943RB05:00000001 [INF] Request starting "HTTP/1.1" "GET" "http"://"localhost:5226""""/swagger/index.html""" - null null (d509f86a)
2024-05-05T20:22:51.1257661-03:00 0HN3DB943RB05:00000001 [INF] Request finished "HTTP/1.1" "GET" "http"://"localhost:5226""""/swagger/index.html""" - 200 null "text/html;charset=utf-8" 245.3628ms (74253ad3)
2024-05-05T20:22:51.1907869-03:00 0HN3DB943RB05:00000002 [INF] Request starting "HTTP/1.1" "GET" "http"://"localhost:5226""""/_vs/browserLink""" - null null (d509f86a)
2024-05-05T20:22:51.1907869-03:00 0HN3DB943RB06:00000001 [INF] Request starting "HTTP/1.1" "GET" "http"://"localhost:5226""""/_framework/aspnetcore-browser-refresh.js""" - null null (d509f86a)
2024-05-05T20:22:51.1924933-03:00 0HN3DB943RB06:00000001 [INF] Request finished "HTTP/1.1" "GET" "http"://"localhost:5226""""/_framework/aspnetcore-browser-refresh.js""" - 200 13752 "application/javascript; charset=utf-8" 1.6177ms (74253ad3)
2024-05-05T20:22:51.2301556-03:00 0HN3DB943RB05:00000002 [INF] Request finished "HTTP/1.1" "GET" "http"://"localhost:5226""""/_vs/browserLink""" - 200 null "text/javascript; charset=UTF-8" 39.4403ms (74253ad3)
2024-05-05T20:22:51.4951491-03:00 0HN3DB943RB05:00000003 [INF] Request starting "HTTP/1.1" "GET" "http"://"localhost:5226""""/swagger/v1/swagger.json""" - null null (d509f86a)
2024-05-05T20:22:51.5239040-03:00 0HN3DB943RB06:00000002 [INF] Request starting "HTTP/1.1" "GET" "http"://"localhost:5226""""/swagger/favicon-32x32.png""" - null null (d509f86a)
2024-05-05T20:22:51.5326016-03:00 0HN3DB943RB06:00000002 [INF] Sending file. Request path: '"/favicon-32x32.png"'. Physical path: '"N/A"' (27b0a520)
2024-05-05T20:22:51.5328445-03:00 0HN3DB943RB06:00000002 [INF] Request finished "HTTP/1.1" "GET" "http"://"localhost:5226""""/swagger/favicon-32x32.png""" - 200 628 "image/png" 8.955ms (74253ad3)
2024-05-05T20:22:51.5747534-03:00 0HN3DB943RB05:00000003 [INF] Request finished "HTTP/1.1" "GET" "http"://"localhost:5226""""/swagger/v1/swagger.json""" - 200 null "application/json;charset=utf-8" 79.6037ms (74253ad3)
2024-05-05T20:22:56.7070743-03:00 0HN3DB943RB05:00000004 [INF] Request starting "HTTP/1.1" "POST" "http"://"localhost:5226""""/api/Endereco""" - "application/json" 184 (d509f86a)
2024-05-05T20:22:56.7151113-03:00 0HN3DB943RB05:00000004 [INF] Executing endpoint '"ApiWebDB.Controllers.EnderecoController.Insert (ApiWebDB)"' (500cc934)
2024-05-05T20:22:56.7363020-03:00 0HN3DB943RB05:00000004 [INF] Route matched with "{action = \"Insert\", controller = \"Endereco\"}". Executing controller action with signature "Microsoft.AspNetCore.Mvc.ActionResult`1[ApiWebDB.BaseDados.Models.TbEndereco] Insert(ApiWebDB.Services.DTOs.EnderecoDTO)" on controller "ApiWebDB.Controllers.EnderecoController" ("ApiWebDB"). (122b2fdf)
2024-05-05T20:22:56.7406411-03:00 0HN3DB943RB05:00000004 [INF] Executed action "ApiWebDB.Controllers.EnderecoController.Insert (ApiWebDB)" in 1.663ms (afa2e885)
2024-05-05T20:22:56.7409671-03:00 0HN3DB943RB05:00000004 [INF] Executed endpoint '"ApiWebDB.Controllers.EnderecoController.Insert (ApiWebDB)"' (99874f2b)
2024-05-05T20:22:56.8601645-03:00 0HN3DB943RB05:00000004 [ERR] An unhandled exception has occurred while executing the request. (48a46595)
System.InvalidOperationException: Unable to resolve service for type 'ApiWebDB.Services.EnderecoService' while attempting to activate 'ApiWebDB.Controllers.EnderecoController'.
   at Microsoft.Extensions.DependencyInjection.ActivatorUtilities.ThrowHelperUnableToResolveService(Type type, Type requiredBy)
   at lambda_method3(Closure, IServiceProvider, Object[])
   at Microsoft.AspNetCore.Mvc.Controllers.ControllerFactoryProvider.<>c__DisplayClass6_0.<CreateControllerFactory>g__CreateController|0(ControllerContext controllerContext)
   at Microsoft.AspNetCore.Mvc.Infrastructure.ControllerActionInvoker.Next(State& next, Scope& scope, Object& state, Boolean& isCompleted)
   at Microsoft.AspNetCore.Mvc.Infrastructure.ControllerActionInvoker.InvokeInnerFilterAsync()
--- End of stack trace from previous location ---
   at Microsoft.AspNetCore.Mvc.Infrastructure.ResourceInvoker.<InvokeFilterPipelineAsync>g__Awaited|20_0(ResourceInvoker invoker, Task lastTask, State next, Scope scope, Object state, Boolean isCompleted)
   at Microsoft.AspNetCore.Mvc.Infrastructure.ResourceInvoker.<InvokeAsync>g__Logged|17_1(ResourceInvoker invoker)
   at Microsoft.AspNetCore.Mvc.Infrastructure.ResourceInvoker.<InvokeAsync>g__Logged|17_1(ResourceInvoker invoker)
   at Microsoft.AspNetCore.Routing.EndpointMiddleware.<Invoke>g__AwaitRequestTask|7_0(Endpoint endpoint, Task requestTask, ILogger logger)
   at Microsoft.AspNetCore.Authorization.AuthorizationMiddleware.Invoke(HttpContext context)
   at Swashbuckle.AspNetCore.SwaggerUI.SwaggerUIMiddleware.Invoke(HttpContext httpContext)
   at Swashbuckle.AspNetCore.Swagger.SwaggerMiddleware.Invoke(HttpContext httpContext, ISwaggerProvider swaggerProvider)
   at Microsoft.AspNetCore.Authentication.AuthenticationMiddleware.Invoke(HttpContext context)
   at Microsoft.AspNetCore.Diagnostics.DeveloperExceptionPageMiddlewareImpl.Invoke(HttpContext context)
2024-05-05T20:22:56.8617458-03:00 0HN3DB943RB05:00000004 [INF] Request finished "HTTP/1.1" "POST" "http"://"localhost:5226""""/api/Endereco""" - 500 null "text/plain; charset=utf-8" 154.6768ms (74253ad3)
2024-05-05T20:23:18.7299702-03:00 0HN3DB943RB07:00000001 [INF] Request starting "HTTP/1.1" "PUT" "http"://"localhost:5226""""/api/Endereco/1""" - "application/json" 184 (d509f86a)
2024-05-05T20:23:18.7336438-03:00 0HN3DB943RB07:00000001 [INF] Executing endpoint '"ApiWebDB.Controllers.EnderecoController.Update (ApiWebDB)"' (500cc934)
2024-05-05T20:23:18.7410060-03:00 0HN3DB943RB07:00000001 [INF] Route matched with "{action = \"Update\", controller = \"Endereco\"}". Executing controller action with signature "Microsoft.AspNetCore.Mvc.ActionResult`1[ApiWebDB.BaseDados.Models.TbEndereco] Update(Int32, ApiWebDB.Services.DTOs.EnderecoDTO)" on controller "ApiWebDB.Controllers.EnderecoController" ("ApiWebDB"). (122b2fdf)
2024-05-05T20:23:18.7417809-03:00 0HN3DB943RB07:00000001 [INF] Executed action "ApiWebDB.Controllers.EnderecoController.Update (ApiWebDB)" in 0.4645ms (afa2e885)
2024-05-05T20:23:18.7421421-03:00 0HN3DB943RB07:00000001 [INF] Executed endpoint '"ApiWebDB.Controllers.EnderecoController.Update (ApiWebDB)"' (99874f2b)
2024-05-05T20:23:18.7461617-03:00 0HN3DB943RB07:00000001 [ERR] An unhandled exception has occurred while executing the request. (48a46595)
System.InvalidOperationException: Unable to resolve service for type 'ApiWebDB.Services.EnderecoService' while attempting to activate 'ApiWebDB.Controllers.EnderecoController'.
   at Microsoft.Extensions.DependencyInjection.ActivatorUtilities.ThrowHelperUnableToResolveService(Type type, Type requiredBy)
   at lambda_method5(Closure, IServiceProvider, Object[])
   at Microsoft.AspNetCore.Mvc.Controllers.ControllerFactoryProvider.<>c__DisplayClass6_0.<CreateControllerFactory>g__CreateController|0(ControllerContext controllerContext)
   at Microsoft.AspNetCore.Mvc.Infrastructure.ControllerActionInvoker.Next(State& next, Scope& scope, Object& state, Boolean& isCompleted)
   at Microsoft.AspNetCore.Mvc.Infrastructure.ControllerActionInvoker.InvokeInnerFilterAsync()
--- End of stack trace from previous location ---
   at Microsoft.AspNetCore.Mvc.Infrastructure.ResourceInvoker.<InvokeFilterPipelineAsync>g__Awaited|20_0(ResourceInvoker invoker, Task lastTask, State next, Scope scope, Object state, Boolean isCompleted)
   at Microsoft.AspNetCore.Mvc.Infrastructure.ResourceInvoker.<InvokeAsync>g__Logged|17_1(ResourceInvoker invoker)
   at Microsoft.AspNetCore.Mvc.Infrastructure.ResourceInvoker.<InvokeAsync>g__Logged|17_1(ResourceInvoker invoker)
   at Microsoft.AspNetCore.Routing.EndpointMiddleware.<Invoke>g__AwaitRequestTask|7_0(Endpoint endpoint, Task requestTask, ILogger logger)
   at Microsoft.AspNetCore.Authorization.AuthorizationMiddleware.Invoke(HttpContext context)
   at Swashbuckle.AspNetCore.SwaggerUI.SwaggerUIMiddleware.Invoke(HttpContext httpContext)
   at Swashbuckle.AspNetCore.Swagger.SwaggerMiddleware.Invoke(HttpContext httpContext, ISwaggerProvider swaggerProvider)
   at Microsoft.AspNetCore.Authentication.AuthenticationMiddleware.Invoke(HttpContext context)
   at Microsoft.AspNetCore.Diagnostics.DeveloperExceptionPageMiddlewareImpl.Invoke(HttpContext context)
2024-05-05T20:23:18.7493910-03:00 0HN3DB943RB07:00000001 [INF] Request finished "HTTP/1.1" "PUT" "http"://"localhost:5226""""/api/Endereco/1""" - 500 null "text/plain; charset=utf-8" 19.4257ms (74253ad3)
2024-05-05T20:37:08.0295735-03:00  [INF] Now listening on: "http://localhost:5226" (d826f4b8)
2024-05-05T20:37:08.1215261-03:00  [INF] Application started. Press Ctrl+C to shut down. (dcaefe54)
2024-05-05T20:37:08.1223808-03:00  [INF] Hosting environment: "Development" (bc5a1a4e)
2024-05-05T20:37:08.1224855-03:00  [INF] Content root path: "C:\Aula Juliano\Aula-Juliano\ApiWebDB" (cc26f24e)
2024-05-05T20:37:08.7043549-03:00 0HN3DBH3MODKV:00000001 [INF] Request starting "HTTP/1.1" "GET" "http"://"localhost:5226""""/swagger/index.html""" - null null (d509f86a)
2024-05-05T20:37:08.8735513-03:00 0HN3DBH3MODKV:00000001 [INF] Request finished "HTTP/1.1" "GET" "http"://"localhost:5226""""/swagger/index.html""" - 200 null "text/html;charset=utf-8" 171.8165ms (74253ad3)
2024-05-05T20:37:08.9684690-03:00 0HN3DBH3MODL0:00000001 [INF] Request starting "HTTP/1.1" "GET" "http"://"localhost:5226""""/_vs/browserLink""" - null null (d509f86a)
2024-05-05T20:37:08.9684689-03:00 0HN3DBH3MODKV:00000002 [INF] Request starting "HTTP/1.1" "GET" "http"://"localhost:5226""""/_framework/aspnetcore-browser-refresh.js""" - null null (d509f86a)
2024-05-05T20:37:08.9705983-03:00 0HN3DBH3MODKV:00000002 [INF] Request finished "HTTP/1.1" "GET" "http"://"localhost:5226""""/_framework/aspnetcore-browser-refresh.js""" - 200 13752 "application/javascript; charset=utf-8" 2.0544ms (74253ad3)
2024-05-05T20:37:09.0143322-03:00 0HN3DBH3MODL0:00000001 [INF] Request finished "HTTP/1.1" "GET" "http"://"localhost:5226""""/_vs/browserLink""" - 200 null "text/javascript; charset=UTF-8" 45.8984ms (74253ad3)
2024-05-05T20:37:09.2560920-03:00 0HN3DBH3MODL0:00000002 [INF] Request starting "HTTP/1.1" "GET" "http"://"localhost:5226""""/swagger/v1/swagger.json""" - null null (d509f86a)
2024-05-05T20:37:09.3467163-03:00 0HN3DBH3MODL0:00000002 [INF] Request finished "HTTP/1.1" "GET" "http"://"localhost:5226""""/swagger/v1/swagger.json""" - 200 null "application/json;charset=utf-8" 90.5952ms (74253ad3)
2024-05-05T20:38:52.2516060-03:00  [INF] Now listening on: "http://localhost:5226" (d826f4b8)
2024-05-05T20:38:52.3370804-03:00 0HN3DBI2N27H8:00000001 [INF] Request starting "HTTP/1.1" "GET" "http"://"localhost:5226""""/swagger/index.html""" - null null (d509f86a)
2024-05-05T20:38:52.3499107-03:00  [INF] Application started. Press Ctrl+C to shut down. (dcaefe54)
2024-05-05T20:38:52.3509280-03:00  [INF] Hosting environment: "Development" (bc5a1a4e)
2024-05-05T20:38:52.3510217-03:00  [INF] Content root path: "C:\Aula Juliano\Aula-Juliano\ApiWebDB" (cc26f24e)
2024-05-05T20:38:52.4841626-03:00 0HN3DBI2N27H8:00000001 [INF] Request finished "HTTP/1.1" "GET" "http"://"localhost:5226""""/swagger/index.html""" - 200 null "text/html;charset=utf-8" 147.7181ms (74253ad3)
2024-05-05T20:38:52.5327117-03:00 0HN3DBI2N27H8:00000002 [INF] Request starting "HTTP/1.1" "GET" "http"://"localhost:5226""""/_framework/aspnetcore-browser-refresh.js""" - null null (d509f86a)
2024-05-05T20:38:52.5346998-03:00 0HN3DBI2N27H8:00000002 [INF] Request finished "HTTP/1.1" "GET" "http"://"localhost:5226""""/_framework/aspnetcore-browser-refresh.js""" - 200 13752 "application/javascript; charset=utf-8" 1.9315ms (74253ad3)
2024-05-05T20:38:52.5603103-03:00 0HN3DBI2N27H8:00000003 [INF] Request starting "HTTP/1.1" "GET" "http"://"localhost:5226""""/_vs/browserLink""" - null null (d509f86a)
2024-05-05T20:38:52.5898524-03:00 0HN3DBI2N27H8:00000003 [INF] Request finished "HTTP/1.1" "GET" "http"://"localhost:5226""""/_vs/browserLink""" - 200 null "text/javascript; charset=UTF-8" 29.5075ms (74253ad3)
2024-05-05T20:38:52.6347295-03:00 0HN3DBI2N27H8:00000004 [INF] Request starting "HTTP/1.1" "GET" "http"://"localhost:5226""""/swagger/v1/swagger.json""" - null null (d509f86a)
2024-05-05T20:38:52.7161355-03:00 0HN3DBI2N27H8:00000004 [INF] Request finished "HTTP/1.1" "GET" "http"://"localhost:5226""""/swagger/v1/swagger.json""" - 200 null "application/json;charset=utf-8" 81.3941ms (74253ad3)
2024-05-05T20:39:00.7469437-03:00  [INF] Now listening on: "http://localhost:5226" (d826f4b8)
2024-05-05T20:39:00.8669910-03:00  [INF] Application started. Press Ctrl+C to shut down. (dcaefe54)
2024-05-05T20:39:00.8704598-03:00  [INF] Hosting environment: "Development" (bc5a1a4e)
2024-05-05T20:39:00.8728524-03:00  [INF] Content root path: "C:\Aula Juliano\Aula-Juliano\ApiWebDB" (cc26f24e)
2024-05-05T20:39:01.6927347-03:00 0HN3DBI5B6QRK:00000001 [INF] Request starting "HTTP/1.1" "GET" "http"://"localhost:5226""""/swagger/index.html""" - null null (d509f86a)
2024-05-05T20:39:01.8906031-03:00 0HN3DBI5B6QRK:00000001 [INF] Request finished "HTTP/1.1" "GET" "http"://"localhost:5226""""/swagger/index.html""" - 200 null "text/html;charset=utf-8" 203.5403ms (74253ad3)
2024-05-05T20:39:01.9800393-03:00 0HN3DBI5B6QRK:00000002 [INF] Request starting "HTTP/1.1" "GET" "http"://"localhost:5226""""/_framework/aspnetcore-browser-refresh.js""" - null null (d509f86a)
2024-05-05T20:39:01.9802721-03:00 0HN3DBI5B6QRL:00000001 [INF] Request starting "HTTP/1.1" "GET" "http"://"localhost:5226""""/_vs/browserLink""" - null null (d509f86a)
2024-05-05T20:39:01.9829973-03:00 0HN3DBI5B6QRK:00000002 [INF] Request finished "HTTP/1.1" "GET" "http"://"localhost:5226""""/_framework/aspnetcore-browser-refresh.js""" - 200 13752 "application/javascript; charset=utf-8" 3.05ms (74253ad3)
2024-05-05T20:39:02.0184262-03:00 0HN3DBI5B6QRL:00000001 [INF] Request finished "HTTP/1.1" "GET" "http"://"localhost:5226""""/_vs/browserLink""" - 200 null "text/javascript; charset=UTF-8" 38.1684ms (74253ad3)
2024-05-05T20:39:02.1047868-03:00 0HN3DBI5B6QRL:00000002 [INF] Request starting "HTTP/1.1" "GET" "http"://"localhost:5226""""/swagger/v1/swagger.json""" - null null (d509f86a)
2024-05-05T20:39:02.2255361-03:00 0HN3DBI5B6QRL:00000002 [INF] Request finished "HTTP/1.1" "GET" "http"://"localhost:5226""""/swagger/v1/swagger.json""" - 200 null "application/json;charset=utf-8" 120.8955ms (74253ad3)
2024-05-05T20:39:19.4764613-03:00 0HN3DBI5B6QRL:00000003 [INF] Request starting "HTTP/1.1" "POST" "http"://"localhost:5226""""/api/Enderco""" - "application/json" 184 (d509f86a)
2024-05-05T20:39:19.4906063-03:00 0HN3DBI5B6QRL:00000003 [INF] Executing endpoint '"ApiWebDB.Controllers.EndercoController.Insert (ApiWebDB)"' (500cc934)
2024-05-05T20:39:19.5380629-03:00 0HN3DBI5B6QRL:00000003 [INF] Route matched with "{action = \"Insert\", controller = \"Enderco\"}". Executing controller action with signature "Microsoft.AspNetCore.Mvc.ActionResult`1[ApiWebDB.BaseDados.Models.TbEndereco] Insert(ApiWebDB.Services.DTOs.EnderecoDTO)" on controller "ApiWebDB.Controllers.EndercoController" ("ApiWebDB"). (122b2fdf)
2024-05-05T20:39:19.5560292-03:00 0HN3DBI5B6QRL:00000003 [INF] Executed action "ApiWebDB.Controllers.EndercoController.Insert (ApiWebDB)" in 11.455ms (afa2e885)
2024-05-05T20:39:19.5574320-03:00 0HN3DBI5B6QRL:00000003 [INF] Executed endpoint '"ApiWebDB.Controllers.EndercoController.Insert (ApiWebDB)"' (99874f2b)
2024-05-05T20:39:19.6261260-03:00 0HN3DBI5B6QRL:00000003 [ERR] An unhandled exception has occurred while executing the request. (48a46595)
System.InvalidOperationException: Unable to resolve service for type 'ApiWebDB.Services.EnderecoService' while attempting to activate 'ApiWebDB.Controllers.EndercoController'.
   at Microsoft.Extensions.DependencyInjection.ActivatorUtilities.ThrowHelperUnableToResolveService(Type type, Type requiredBy)
   at lambda_method3(Closure, IServiceProvider, Object[])
   at Microsoft.AspNetCore.Mvc.Controllers.ControllerFactoryProvider.<>c__DisplayClass6_0.<CreateControllerFactory>g__CreateController|0(ControllerContext controllerContext)
   at Microsoft.AspNetCore.Mvc.Infrastructure.ControllerActionInvoker.Next(State& next, Scope& scope, Object& state, Boolean& isCompleted)
   at Microsoft.AspNetCore.Mvc.Infrastructure.ControllerActionInvoker.InvokeInnerFilterAsync()
--- End of stack trace from previous location ---
   at Microsoft.AspNetCore.Mvc.Infrastructure.ResourceInvoker.<InvokeFilterPipelineAsync>g__Awaited|20_0(ResourceInvoker invoker, Task lastTask, State next, Scope scope, Object state, Boolean isCompleted)
   at Microsoft.AspNetCore.Mvc.Infrastructure.ResourceInvoker.<InvokeAsync>g__Logged|17_1(ResourceInvoker invoker)
   at Microsoft.AspNetCore.Mvc.Infrastructure.ResourceInvoker.<InvokeAsync>g__Logged|17_1(ResourceInvoker invoker)
   at Microsoft.AspNetCore.Routing.EndpointMiddleware.<Invoke>g__AwaitRequestTask|7_0(Endpoint endpoint, Task requestTask, ILogger logger)
   at Microsoft.AspNetCore.Authorization.AuthorizationMiddleware.Invoke(HttpContext context)
   at Swashbuckle.AspNetCore.SwaggerUI.SwaggerUIMiddleware.Invoke(HttpContext httpContext)
   at Swashbuckle.AspNetCore.Swagger.SwaggerMiddleware.Invoke(HttpContext httpContext, ISwaggerProvider swaggerProvider)
   at Microsoft.AspNetCore.Authentication.AuthenticationMiddleware.Invoke(HttpContext context)
   at Microsoft.AspNetCore.Diagnostics.DeveloperExceptionPageMiddlewareImpl.Invoke(HttpContext context)
2024-05-05T20:39:19.6292909-03:00 0HN3DBI5B6QRL:00000003 [INF] Request finished "HTTP/1.1" "POST" "http"://"localhost:5226""""/api/Enderco""" - 500 null "text/plain; charset=utf-8" 152.9968ms (74253ad3)
2024-05-05T20:39:28.9111313-03:00 0HN3DBI5B6QRL:00000004 [INF] Request starting "HTTP/1.1" "POST" "http"://"localhost:5226""""/api/Enderco""" - "application/json" 184 (d509f86a)
2024-05-05T20:39:28.9123222-03:00 0HN3DBI5B6QRL:00000004 [INF] Executing endpoint '"ApiWebDB.Controllers.EndercoController.Insert (ApiWebDB)"' (500cc934)
2024-05-05T20:39:28.9127251-03:00 0HN3DBI5B6QRL:00000004 [INF] Route matched with "{action = \"Insert\", controller = \"Enderco\"}". Executing controller action with signature "Microsoft.AspNetCore.Mvc.ActionResult`1[ApiWebDB.BaseDados.Models.TbEndereco] Insert(ApiWebDB.Services.DTOs.EnderecoDTO)" on controller "ApiWebDB.Controllers.EndercoController" ("ApiWebDB"). (122b2fdf)
2024-05-05T20:39:28.9137290-03:00 0HN3DBI5B6QRL:00000004 [INF] Executed action "ApiWebDB.Controllers.EndercoController.Insert (ApiWebDB)" in 0.6831ms (afa2e885)
2024-05-05T20:39:28.9140796-03:00 0HN3DBI5B6QRL:00000004 [INF] Executed endpoint '"ApiWebDB.Controllers.EndercoController.Insert (ApiWebDB)"' (99874f2b)
2024-05-05T20:39:28.9196361-03:00 0HN3DBI5B6QRL:00000004 [ERR] An unhandled exception has occurred while executing the request. (48a46595)
System.InvalidOperationException: Unable to resolve service for type 'ApiWebDB.Services.EnderecoService' while attempting to activate 'ApiWebDB.Controllers.EndercoController'.
   at Microsoft.Extensions.DependencyInjection.ActivatorUtilities.ThrowHelperUnableToResolveService(Type type, Type requiredBy)
   at lambda_method3(Closure, IServiceProvider, Object[])
   at Microsoft.AspNetCore.Mvc.Controllers.ControllerFactoryProvider.<>c__DisplayClass6_0.<CreateControllerFactory>g__CreateController|0(ControllerContext controllerContext)
   at Microsoft.AspNetCore.Mvc.Infrastructure.ControllerActionInvoker.Next(State& next, Scope& scope, Object& state, Boolean& isCompleted)
   at Microsoft.AspNetCore.Mvc.Infrastructure.ControllerActionInvoker.InvokeInnerFilterAsync()
--- End of stack trace from previous location ---
   at Microsoft.AspNetCore.Mvc.Infrastructure.ResourceInvoker.<InvokeFilterPipelineAsync>g__Awaited|20_0(ResourceInvoker invoker, Task lastTask, State next, Scope scope, Object state, Boolean isCompleted)
   at Microsoft.AspNetCore.Mvc.Infrastructure.ResourceInvoker.<InvokeAsync>g__Logged|17_1(ResourceInvoker invoker)
   at Microsoft.AspNetCore.Mvc.Infrastructure.ResourceInvoker.<InvokeAsync>g__Logged|17_1(ResourceInvoker invoker)
   at Microsoft.AspNetCore.Routing.EndpointMiddleware.<Invoke>g__AwaitRequestTask|7_0(Endpoint endpoint, Task requestTask, ILogger logger)
   at Microsoft.AspNetCore.Authorization.AuthorizationMiddleware.Invoke(HttpContext context)
   at Swashbuckle.AspNetCore.SwaggerUI.SwaggerUIMiddleware.Invoke(HttpContext httpContext)
   at Swashbuckle.AspNetCore.Swagger.SwaggerMiddleware.Invoke(HttpContext httpContext, ISwaggerProvider swaggerProvider)
   at Microsoft.AspNetCore.Authentication.AuthenticationMiddleware.Invoke(HttpContext context)
   at Microsoft.AspNetCore.Diagnostics.DeveloperExceptionPageMiddlewareImpl.Invoke(HttpContext context)
2024-05-05T20:39:28.9204967-03:00 0HN3DBI5B6QRL:00000004 [INF] Request finished "HTTP/1.1" "POST" "http"://"localhost:5226""""/api/Enderco""" - 500 null "text/plain; charset=utf-8" 9.4509ms (74253ad3)
2024-05-05T20:39:29.8274857-03:00 0HN3DBI5B6QRL:00000005 [INF] Request starting "HTTP/1.1" "POST" "http"://"localhost:5226""""/api/Enderco""" - "application/json" 184 (d509f86a)
2024-05-05T20:39:29.8279637-03:00 0HN3DBI5B6QRL:00000005 [INF] Executing endpoint '"ApiWebDB.Controllers.EndercoController.Insert (ApiWebDB)"' (500cc934)
2024-05-05T20:39:29.8281249-03:00 0HN3DBI5B6QRL:00000005 [INF] Route matched with "{action = \"Insert\", controller = \"Enderco\"}". Executing controller action with signature "Microsoft.AspNetCore.Mvc.ActionResult`1[ApiWebDB.BaseDados.Models.TbEndereco] Insert(ApiWebDB.Services.DTOs.EnderecoDTO)" on controller "ApiWebDB.Controllers.EndercoController" ("ApiWebDB"). (122b2fdf)
2024-05-05T20:39:29.8289230-03:00 0HN3DBI5B6QRL:00000005 [INF] Executed action "ApiWebDB.Controllers.EndercoController.Insert (ApiWebDB)" in 0.7037ms (afa2e885)
2024-05-05T20:39:29.8292667-03:00 0HN3DBI5B6QRL:00000005 [INF] Executed endpoint '"ApiWebDB.Controllers.EndercoController.Insert (ApiWebDB)"' (99874f2b)
2024-05-05T20:39:29.8402511-03:00 0HN3DBI5B6QRL:00000005 [ERR] An unhandled exception has occurred while executing the request. (48a46595)
System.InvalidOperationException: Unable to resolve service for type 'ApiWebDB.Services.EnderecoService' while attempting to activate 'ApiWebDB.Controllers.EndercoController'.
   at Microsoft.Extensions.DependencyInjection.ActivatorUtilities.ThrowHelperUnableToResolveService(Type type, Type requiredBy)
   at lambda_method3(Closure, IServiceProvider, Object[])
   at Microsoft.AspNetCore.Mvc.Controllers.ControllerFactoryProvider.<>c__DisplayClass6_0.<CreateControllerFactory>g__CreateController|0(ControllerContext controllerContext)
   at Microsoft.AspNetCore.Mvc.Infrastructure.ControllerActionInvoker.Next(State& next, Scope& scope, Object& state, Boolean& isCompleted)
   at Microsoft.AspNetCore.Mvc.Infrastructure.ControllerActionInvoker.InvokeInnerFilterAsync()
--- End of stack trace from previous location ---
   at Microsoft.AspNetCore.Mvc.Infrastructure.ResourceInvoker.<InvokeFilterPipelineAsync>g__Awaited|20_0(ResourceInvoker invoker, Task lastTask, State next, Scope scope, Object state, Boolean isCompleted)
   at Microsoft.AspNetCore.Mvc.Infrastructure.ResourceInvoker.<InvokeAsync>g__Logged|17_1(ResourceInvoker invoker)
   at Microsoft.AspNetCore.Mvc.Infrastructure.ResourceInvoker.<InvokeAsync>g__Logged|17_1(ResourceInvoker invoker)
   at Microsoft.AspNetCore.Routing.EndpointMiddleware.<Invoke>g__AwaitRequestTask|7_0(Endpoint endpoint, Task requestTask, ILogger logger)
   at Microsoft.AspNetCore.Authorization.AuthorizationMiddleware.Invoke(HttpContext context)
   at Swashbuckle.AspNetCore.SwaggerUI.SwaggerUIMiddleware.Invoke(HttpContext httpContext)
   at Swashbuckle.AspNetCore.Swagger.SwaggerMiddleware.Invoke(HttpContext httpContext, ISwaggerProvider swaggerProvider)
   at Microsoft.AspNetCore.Authentication.AuthenticationMiddleware.Invoke(HttpContext context)
   at Microsoft.AspNetCore.Diagnostics.DeveloperExceptionPageMiddlewareImpl.Invoke(HttpContext context)
2024-05-05T20:39:29.8411206-03:00 0HN3DBI5B6QRL:00000005 [INF] Request finished "HTTP/1.1" "POST" "http"://"localhost:5226""""/api/Enderco""" - 500 null "text/plain; charset=utf-8" 13.7534ms (74253ad3)
2024-05-05T20:39:42.3698787-03:00 0HN3DBI5B6QRL:00000006 [INF] Request starting "HTTP/1.1" "GET" "http"://"localhost:5226""""/api/Enderco/0""" - null null (d509f86a)
2024-05-05T20:39:42.3714691-03:00 0HN3DBI5B6QRL:00000006 [INF] Executing endpoint '"ApiWebDB.Controllers.EndercoController.GetEnder (ApiWebDB)"' (500cc934)
2024-05-05T20:39:42.3816259-03:00 0HN3DBI5B6QRL:00000006 [INF] Route matched with "{action = \"GetEnder\", controller = \"Enderco\"}". Executing controller action with signature "Microsoft.AspNetCore.Mvc.ActionResult`1[ApiWebDB.BaseDados.Models.TbEndereco] GetEnder(Int32)" on controller "ApiWebDB.Controllers.EndercoController" ("ApiWebDB"). (122b2fdf)
2024-05-05T20:39:42.3837376-03:00 0HN3DBI5B6QRL:00000006 [INF] Executed action "ApiWebDB.Controllers.EndercoController.GetEnder (ApiWebDB)" in 1.7762ms (afa2e885)
2024-05-05T20:39:42.3849022-03:00 0HN3DBI5B6QRL:00000006 [INF] Executed endpoint '"ApiWebDB.Controllers.EndercoController.GetEnder (ApiWebDB)"' (99874f2b)
2024-05-05T20:39:42.3994636-03:00 0HN3DBI5B6QRL:00000006 [ERR] An unhandled exception has occurred while executing the request. (48a46595)
System.InvalidOperationException: Unable to resolve service for type 'ApiWebDB.Services.EnderecoService' while attempting to activate 'ApiWebDB.Controllers.EndercoController'.
   at Microsoft.Extensions.DependencyInjection.ActivatorUtilities.ThrowHelperUnableToResolveService(Type type, Type requiredBy)
   at lambda_method5(Closure, IServiceProvider, Object[])
   at Microsoft.AspNetCore.Mvc.Controllers.ControllerFactoryProvider.<>c__DisplayClass6_0.<CreateControllerFactory>g__CreateController|0(ControllerContext controllerContext)
   at Microsoft.AspNetCore.Mvc.Infrastructure.ControllerActionInvoker.Next(State& next, Scope& scope, Object& state, Boolean& isCompleted)
   at Microsoft.AspNetCore.Mvc.Infrastructure.ControllerActionInvoker.InvokeInnerFilterAsync()
--- End of stack trace from previous location ---
   at Microsoft.AspNetCore.Mvc.Infrastructure.ResourceInvoker.<InvokeFilterPipelineAsync>g__Awaited|20_0(ResourceInvoker invoker, Task lastTask, State next, Scope scope, Object state, Boolean isCompleted)
   at Microsoft.AspNetCore.Mvc.Infrastructure.ResourceInvoker.<InvokeAsync>g__Logged|17_1(ResourceInvoker invoker)
   at Microsoft.AspNetCore.Mvc.Infrastructure.ResourceInvoker.<InvokeAsync>g__Logged|17_1(ResourceInvoker invoker)
   at Microsoft.AspNetCore.Routing.EndpointMiddleware.<Invoke>g__AwaitRequestTask|7_0(Endpoint endpoint, Task requestTask, ILogger logger)
   at Microsoft.AspNetCore.Authorization.AuthorizationMiddleware.Invoke(HttpContext context)
   at Swashbuckle.AspNetCore.SwaggerUI.SwaggerUIMiddleware.Invoke(HttpContext httpContext)
   at Swashbuckle.AspNetCore.Swagger.SwaggerMiddleware.Invoke(HttpContext httpContext, ISwaggerProvider swaggerProvider)
   at Microsoft.AspNetCore.Authentication.AuthenticationMiddleware.Invoke(HttpContext context)
   at Microsoft.AspNetCore.Diagnostics.DeveloperExceptionPageMiddlewareImpl.Invoke(HttpContext context)
2024-05-05T20:39:42.4019820-03:00 0HN3DBI5B6QRL:00000006 [INF] Request finished "HTTP/1.1" "GET" "http"://"localhost:5226""""/api/Enderco/0""" - 500 null "text/plain; charset=utf-8" 32.3704ms (74253ad3)
