2024-05-06T19:21:01.4875699-03:00  [INF] Now listening on: "http://localhost:5226" (d826f4b8)
2024-05-06T19:21:01.5965418-03:00  [INF] Application started. Press Ctrl+C to shut down. (dcaefe54)
2024-05-06T19:21:01.5973613-03:00  [INF] Hosting environment: "Development" (bc5a1a4e)
2024-05-06T19:21:01.5974186-03:00  [INF] Content root path: "C:\Aula Juliano\Aula-Juliano\ApiWebDB" (cc26f24e)
2024-05-06T19:21:05.0714148-03:00 0HN3E3B81D532:00000001 [INF] Request starting "HTTP/1.1" "GET" "http"://"localhost:5226""""/swagger/index.html""" - null null (d509f86a)
2024-05-06T19:21:06.4932701-03:00 0HN3E3B81D532:00000001 [INF] Request finished "HTTP/1.1" "GET" "http"://"localhost:5226""""/swagger/index.html""" - 200 null "text/html;charset=utf-8" 1426.2427ms (74253ad3)
2024-05-06T19:21:06.8919455-03:00 0HN3E3B81D532:00000002 [INF] Request starting "HTTP/1.1" "GET" "http"://"localhost:5226""""/_framework/aspnetcore-browser-refresh.js""" - null null (d509f86a)
2024-05-06T19:21:06.8946731-03:00 0HN3E3B81D532:00000002 [INF] Request finished "HTTP/1.1" "GET" "http"://"localhost:5226""""/_framework/aspnetcore-browser-refresh.js""" - 200 13752 "application/javascript; charset=utf-8" 4.3827ms (74253ad3)
2024-05-06T19:21:07.3579617-03:00 0HN3E3B81D532:00000003 [INF] Request starting "HTTP/1.1" "GET" "http"://"localhost:5226""""/_vs/browserLink""" - null null (d509f86a)
2024-05-06T19:21:07.5352257-03:00 0HN3E3B81D532:00000003 [INF] Request finished "HTTP/1.1" "GET" "http"://"localhost:5226""""/_vs/browserLink""" - 200 null "text/javascript; charset=UTF-8" 180.5072ms (74253ad3)
2024-05-06T19:21:07.7273727-03:00 0HN3E3B81D532:00000004 [INF] Request starting "HTTP/1.1" "GET" "http"://"localhost:5226""""/swagger/v1/swagger.json""" - null null (d509f86a)
2024-05-06T19:21:07.9305336-03:00 0HN3E3B81D532:00000004 [INF] Request finished "HTTP/1.1" "GET" "http"://"localhost:5226""""/swagger/v1/swagger.json""" - 200 null "application/json;charset=utf-8" 203.2217ms (74253ad3)
2024-05-06T19:26:00.1918483-03:00 0HN3E3B81D533:00000001 [INF] Request starting "HTTP/1.1" "POST" "http"://"localhost:5226""""/api/Enderco""" - "application/json" 174 (d509f86a)
2024-05-06T19:26:00.2000598-03:00 0HN3E3B81D533:00000001 [INF] Executing endpoint '"ApiWebDB.Controllers.EndercoController.Insert (ApiWebDB)"' (500cc934)
2024-05-06T19:26:00.2382393-03:00 0HN3E3B81D533:00000001 [INF] Route matched with "{action = \"Insert\", controller = \"Enderco\"}". Executing controller action with signature "Microsoft.AspNetCore.Mvc.ActionResult`1[ApiWebDB.BaseDados.Models.TbEndereco] Insert(ApiWebDB.Services.DTOs.EnderecoDTO)" on controller "ApiWebDB.Controllers.EndercoController" ("ApiWebDB"). (122b2fdf)
2024-05-06T19:26:00.4798603-03:00 0HN3E3B81D533:00000001 [INF] Executing "BadRequestObjectResult", writing value of type '"Microsoft.AspNetCore.Mvc.ValidationProblemDetails"'. (605b4265)
2024-05-06T19:26:00.5062996-03:00 0HN3E3B81D533:00000001 [INF] Executed action "ApiWebDB.Controllers.EndercoController.Insert (ApiWebDB)" in 264.5909ms (afa2e885)
2024-05-06T19:26:00.5064165-03:00 0HN3E3B81D533:00000001 [INF] Executed endpoint '"ApiWebDB.Controllers.EndercoController.Insert (ApiWebDB)"' (99874f2b)
2024-05-06T19:26:00.5085533-03:00 0HN3E3B81D533:00000001 [INF] Request finished "HTTP/1.1" "POST" "http"://"localhost:5226""""/api/Enderco""" - 400 null "application/problem+json; charset=utf-8" 316.6988ms (74253ad3)
2024-05-06T19:26:14.5668783-03:00 0HN3E3B81D533:00000002 [INF] Request starting "HTTP/1.1" "GET" "http"://"localhost:5226""""/api/Clientes/1""" - null null (d509f86a)
2024-05-06T19:26:14.5679006-03:00 0HN3E3B81D533:00000002 [INF] Executing endpoint '"ApiWebDB.Controllers.ClientesController.GetById (ApiWebDB)"' (500cc934)
2024-05-06T19:26:14.5705061-03:00 0HN3E3B81D533:00000002 [INF] Route matched with "{action = \"GetById\", controller = \"Clientes\"}". Executing controller action with signature "Microsoft.AspNetCore.Mvc.ActionResult`1[ApiWebDB.BaseDados.Models.TbCliente] GetById(Int32)" on controller "ApiWebDB.Controllers.ClientesController" ("ApiWebDB"). (122b2fdf)
2024-05-06T19:26:16.1398069-03:00 0HN3E3B81D533:00000002 [INF] Executing "ObjectResult", writing value of type '"<>f__AnonymousType0`1[[System.String, System.Private.CoreLib, Version=8.0.0.0, Culture=neutral, PublicKeyToken=7cec85d7bea7798e]]"'. (605b4265)
2024-05-06T19:26:16.1420615-03:00 0HN3E3B81D533:00000002 [INF] Executed action "ApiWebDB.Controllers.ClientesController.GetById (ApiWebDB)" in 1571.4335ms (afa2e885)
2024-05-06T19:26:16.1421241-03:00 0HN3E3B81D533:00000002 [INF] Executed endpoint '"ApiWebDB.Controllers.ClientesController.GetById (ApiWebDB)"' (99874f2b)
2024-05-06T19:26:16.1454731-03:00 0HN3E3B81D533:00000002 [INF] Request finished "HTTP/1.1" "GET" "http"://"localhost:5226""""/api/Clientes/1""" - 500 null "application/json; charset=utf-8" 1578.5889ms (74253ad3)
2024-05-06T19:26:43.2277579-03:00 0HN3E3B81D533:00000003 [INF] Request starting "HTTP/1.1" "POST" "http"://"localhost:5226""""/api/Clientes""" - "application/json" 118 (d509f86a)
2024-05-06T19:26:43.2285788-03:00 0HN3E3B81D533:00000003 [INF] Executing endpoint '"ApiWebDB.Controllers.ClientesController.Insert (ApiWebDB)"' (500cc934)
2024-05-06T19:26:43.2308379-03:00 0HN3E3B81D533:00000003 [INF] Route matched with "{action = \"Insert\", controller = \"Clientes\"}". Executing controller action with signature "Microsoft.AspNetCore.Mvc.ActionResult`1[ApiWebDB.BaseDados.Models.TbCliente] Insert(ApiWebDB.Services.DTOs.ClienteDTO)" on controller "ApiWebDB.Controllers.ClientesController" ("ApiWebDB"). (122b2fdf)
2024-05-06T19:26:43.2634181-03:00 0HN3E3B81D533:00000003 [INF] Executing "BadRequestObjectResult", writing value of type '"System.String"'. (605b4265)
2024-05-06T19:26:43.2638063-03:00 0HN3E3B81D533:00000003 [INF] Executed action "ApiWebDB.Controllers.ClientesController.Insert (ApiWebDB)" in 32.837ms (afa2e885)
2024-05-06T19:26:43.2639374-03:00 0HN3E3B81D533:00000003 [INF] Executed endpoint '"ApiWebDB.Controllers.ClientesController.Insert (ApiWebDB)"' (99874f2b)
2024-05-06T19:26:43.2642386-03:00 0HN3E3B81D533:00000003 [INF] Request finished "HTTP/1.1" "POST" "http"://"localhost:5226""""/api/Clientes""" - 400 null "text/plain; charset=utf-8" 36.4952ms (74253ad3)
2024-05-06T19:26:46.6146647-03:00 0HN3E3B81D533:00000004 [INF] Request starting "HTTP/1.1" "POST" "http"://"localhost:5226""""/api/Clientes""" - "application/json" 118 (d509f86a)
2024-05-06T19:26:46.6149186-03:00 0HN3E3B81D533:00000004 [INF] Executing endpoint '"ApiWebDB.Controllers.ClientesController.Insert (ApiWebDB)"' (500cc934)
2024-05-06T19:26:46.6150300-03:00 0HN3E3B81D533:00000004 [INF] Route matched with "{action = \"Insert\", controller = \"Clientes\"}". Executing controller action with signature "Microsoft.AspNetCore.Mvc.ActionResult`1[ApiWebDB.BaseDados.Models.TbCliente] Insert(ApiWebDB.Services.DTOs.ClienteDTO)" on controller "ApiWebDB.Controllers.ClientesController" ("ApiWebDB"). (122b2fdf)
2024-05-06T19:26:46.6174816-03:00 0HN3E3B81D533:00000004 [INF] Executing "BadRequestObjectResult", writing value of type '"System.String"'. (605b4265)
2024-05-06T19:26:46.6176776-03:00 0HN3E3B81D533:00000004 [INF] Executed action "ApiWebDB.Controllers.ClientesController.Insert (ApiWebDB)" in 2.5867ms (afa2e885)
2024-05-06T19:26:46.6177290-03:00 0HN3E3B81D533:00000004 [INF] Executed endpoint '"ApiWebDB.Controllers.ClientesController.Insert (ApiWebDB)"' (99874f2b)
2024-05-06T19:26:46.6179038-03:00 0HN3E3B81D533:00000004 [INF] Request finished "HTTP/1.1" "POST" "http"://"localhost:5226""""/api/Clientes""" - 400 null "text/plain; charset=utf-8" 3.1996ms (74253ad3)
2024-05-06T19:26:47.6257426-03:00 0HN3E3B81D533:00000005 [INF] Request starting "HTTP/1.1" "POST" "http"://"localhost:5226""""/api/Clientes""" - "application/json" 118 (d509f86a)
2024-05-06T19:26:47.6259408-03:00 0HN3E3B81D533:00000005 [INF] Executing endpoint '"ApiWebDB.Controllers.ClientesController.Insert (ApiWebDB)"' (500cc934)
2024-05-06T19:26:47.6260242-03:00 0HN3E3B81D533:00000005 [INF] Route matched with "{action = \"Insert\", controller = \"Clientes\"}". Executing controller action with signature "Microsoft.AspNetCore.Mvc.ActionResult`1[ApiWebDB.BaseDados.Models.TbCliente] Insert(ApiWebDB.Services.DTOs.ClienteDTO)" on controller "ApiWebDB.Controllers.ClientesController" ("ApiWebDB"). (122b2fdf)
2024-05-06T19:26:47.6264861-03:00 0HN3E3B81D533:00000005 [INF] Executing "BadRequestObjectResult", writing value of type '"System.String"'. (605b4265)
2024-05-06T19:26:47.6266159-03:00 0HN3E3B81D533:00000005 [INF] Executed action "ApiWebDB.Controllers.ClientesController.Insert (ApiWebDB)" in 0.5315ms (afa2e885)
2024-05-06T19:26:47.6266608-03:00 0HN3E3B81D533:00000005 [INF] Executed endpoint '"ApiWebDB.Controllers.ClientesController.Insert (ApiWebDB)"' (99874f2b)
2024-05-06T19:26:47.6267918-03:00 0HN3E3B81D533:00000005 [INF] Request finished "HTTP/1.1" "POST" "http"://"localhost:5226""""/api/Clientes""" - 400 null "text/plain; charset=utf-8" 1.0236ms (74253ad3)
2024-05-06T19:27:05.4114526-03:00 0HN3E3B81D533:00000006 [INF] Request starting "HTTP/1.1" "POST" "http"://"localhost:5226""""/api/Clientes""" - "application/json" 128 (d509f86a)
2024-05-06T19:27:05.4116769-03:00 0HN3E3B81D533:00000006 [INF] Executing endpoint '"ApiWebDB.Controllers.ClientesController.Insert (ApiWebDB)"' (500cc934)
2024-05-06T19:27:05.4118325-03:00 0HN3E3B81D533:00000006 [INF] Route matched with "{action = \"Insert\", controller = \"Clientes\"}". Executing controller action with signature "Microsoft.AspNetCore.Mvc.ActionResult`1[ApiWebDB.BaseDados.Models.TbCliente] Insert(ApiWebDB.Services.DTOs.ClienteDTO)" on controller "ApiWebDB.Controllers.ClientesController" ("ApiWebDB"). (122b2fdf)
2024-05-06T19:27:05.4124540-03:00 0HN3E3B81D533:00000006 [INF] Executing "BadRequestObjectResult", writing value of type '"System.String"'. (605b4265)
2024-05-06T19:27:05.4126200-03:00 0HN3E3B81D533:00000006 [INF] Executed action "ApiWebDB.Controllers.ClientesController.Insert (ApiWebDB)" in 0.7062ms (afa2e885)
2024-05-06T19:27:05.4126676-03:00 0HN3E3B81D533:00000006 [INF] Executed endpoint '"ApiWebDB.Controllers.ClientesController.Insert (ApiWebDB)"' (99874f2b)
2024-05-06T19:27:05.4128012-03:00 0HN3E3B81D533:00000006 [INF] Request finished "HTTP/1.1" "POST" "http"://"localhost:5226""""/api/Clientes""" - 400 null "text/plain; charset=utf-8" 1.4982ms (74253ad3)
2024-05-06T19:27:16.3907473-03:00 0HN3E3B81D533:00000007 [INF] Request starting "HTTP/1.1" "POST" "http"://"localhost:5226""""/api/Clientes""" - "application/json" 129 (d509f86a)
2024-05-06T19:27:16.3911333-03:00 0HN3E3B81D533:00000007 [INF] Executing endpoint '"ApiWebDB.Controllers.ClientesController.Insert (ApiWebDB)"' (500cc934)
2024-05-06T19:27:16.3912735-03:00 0HN3E3B81D533:00000007 [INF] Route matched with "{action = \"Insert\", controller = \"Clientes\"}". Executing controller action with signature "Microsoft.AspNetCore.Mvc.ActionResult`1[ApiWebDB.BaseDados.Models.TbCliente] Insert(ApiWebDB.Services.DTOs.ClienteDTO)" on controller "ApiWebDB.Controllers.ClientesController" ("ApiWebDB"). (122b2fdf)
2024-05-06T19:27:16.3920475-03:00 0HN3E3B81D533:00000007 [INF] Executing "BadRequestObjectResult", writing value of type '"System.String"'. (605b4265)
2024-05-06T19:27:16.3922145-03:00 0HN3E3B81D533:00000007 [INF] Executed action "ApiWebDB.Controllers.ClientesController.Insert (ApiWebDB)" in 0.846ms (afa2e885)
2024-05-06T19:27:16.3922709-03:00 0HN3E3B81D533:00000007 [INF] Executed endpoint '"ApiWebDB.Controllers.ClientesController.Insert (ApiWebDB)"' (99874f2b)
2024-05-06T19:27:16.3923765-03:00 0HN3E3B81D533:00000007 [INF] Request finished "HTTP/1.1" "POST" "http"://"localhost:5226""""/api/Clientes""" - 400 null "text/plain; charset=utf-8" 1.6574ms (74253ad3)
2024-05-06T19:27:24.3297233-03:00 0HN3E3B81D533:00000008 [INF] Request starting "HTTP/1.1" "POST" "http"://"localhost:5226""""/api/Clientes""" - "application/json" 125 (d509f86a)
2024-05-06T19:27:24.3299513-03:00 0HN3E3B81D533:00000008 [INF] Executing endpoint '"ApiWebDB.Controllers.ClientesController.Insert (ApiWebDB)"' (500cc934)
2024-05-06T19:27:24.3300574-03:00 0HN3E3B81D533:00000008 [INF] Route matched with "{action = \"Insert\", controller = \"Clientes\"}". Executing controller action with signature "Microsoft.AspNetCore.Mvc.ActionResult`1[ApiWebDB.BaseDados.Models.TbCliente] Insert(ApiWebDB.Services.DTOs.ClienteDTO)" on controller "ApiWebDB.Controllers.ClientesController" ("ApiWebDB"). (122b2fdf)
2024-05-06T19:27:24.8887171-03:00 0HN3E3B81D533:00000008 [INF] Executed DbCommand ("81"ms) [Parameters=["@p0='?' (DbType = DateTime2), @p1='?' (DbType = DateTime2), @p2='?', @p3='?' (DbType = DateTime2), @p4='?', @p5='?', @p6='?' (DbType = Int32)"], CommandType='Text', CommandTimeout='30']"
""INSERT INTO tb_clientes (alteradoem, criadoem, documento, nascimento, nome, telefone, tipodoc)
VALUES (@p0, @p1, @p2, @p3, @p4, @p5, @p6)
RETURNING id;" (0723d8ff)
2024-05-06T19:27:24.9292536-03:00 0HN3E3B81D533:00000008 [INF] Executing "OkObjectResult", writing value of type '"ApiWebDB.BaseDados.Models.TbCliente"'. (605b4265)
2024-05-06T19:27:24.9427024-03:00 0HN3E3B81D533:00000008 [INF] Executed action "ApiWebDB.Controllers.ClientesController.Insert (ApiWebDB)" in 612.547ms (afa2e885)
2024-05-06T19:27:24.9427847-03:00 0HN3E3B81D533:00000008 [INF] Executed endpoint '"ApiWebDB.Controllers.ClientesController.Insert (ApiWebDB)"' (99874f2b)
2024-05-06T19:27:24.9477194-03:00 0HN3E3B81D533:00000008 [INF] Request finished "HTTP/1.1" "POST" "http"://"localhost:5226""""/api/Clientes""" - 200 null "application/json; charset=utf-8" 617.9791ms (74253ad3)
2024-05-06T19:27:36.8164074-03:00 0HN3E3B81D533:00000009 [INF] Request starting "HTTP/1.1" "GET" "http"://"localhost:5226""""/api/Clientes/2""" - null null (d509f86a)
2024-05-06T19:27:36.8171781-03:00 0HN3E3B81D533:00000009 [INF] Executing endpoint '"ApiWebDB.Controllers.ClientesController.GetById (ApiWebDB)"' (500cc934)
2024-05-06T19:27:36.8175312-03:00 0HN3E3B81D533:00000009 [INF] Route matched with "{action = \"GetById\", controller = \"Clientes\"}". Executing controller action with signature "Microsoft.AspNetCore.Mvc.ActionResult`1[ApiWebDB.BaseDados.Models.TbCliente] GetById(Int32)" on controller "ApiWebDB.Controllers.ClientesController" ("ApiWebDB"). (122b2fdf)
2024-05-06T19:27:37.0355276-03:00 0HN3E3B81D533:00000009 [INF] Executing "ObjectResult", writing value of type '"<>f__AnonymousType0`1[[System.String, System.Private.CoreLib, Version=8.0.0.0, Culture=neutral, PublicKeyToken=7cec85d7bea7798e]]"'. (605b4265)
2024-05-06T19:27:37.0359936-03:00 0HN3E3B81D533:00000009 [INF] Executed action "ApiWebDB.Controllers.ClientesController.GetById (ApiWebDB)" in 218.2602ms (afa2e885)
2024-05-06T19:27:37.0361137-03:00 0HN3E3B81D533:00000009 [INF] Executed endpoint '"ApiWebDB.Controllers.ClientesController.GetById (ApiWebDB)"' (99874f2b)
2024-05-06T19:27:37.0363403-03:00 0HN3E3B81D533:00000009 [INF] Request finished "HTTP/1.1" "GET" "http"://"localhost:5226""""/api/Clientes/2""" - 500 null "application/json; charset=utf-8" 220.0623ms (74253ad3)
2024-05-06T19:27:38.3734508-03:00 0HN3E3B81D533:0000000A [INF] Request starting "HTTP/1.1" "GET" "http"://"localhost:5226""""/api/Clientes/2""" - null null (d509f86a)
2024-05-06T19:27:38.3736815-03:00 0HN3E3B81D533:0000000A [INF] Executing endpoint '"ApiWebDB.Controllers.ClientesController.GetById (ApiWebDB)"' (500cc934)
2024-05-06T19:27:38.3737897-03:00 0HN3E3B81D533:0000000A [INF] Route matched with "{action = \"GetById\", controller = \"Clientes\"}". Executing controller action with signature "Microsoft.AspNetCore.Mvc.ActionResult`1[ApiWebDB.BaseDados.Models.TbCliente] GetById(Int32)" on controller "ApiWebDB.Controllers.ClientesController" ("ApiWebDB"). (122b2fdf)
2024-05-06T19:27:38.3758614-03:00 0HN3E3B81D533:0000000A [INF] Executing "ObjectResult", writing value of type '"<>f__AnonymousType0`1[[System.String, System.Private.CoreLib, Version=8.0.0.0, Culture=neutral, PublicKeyToken=7cec85d7bea7798e]]"'. (605b4265)
2024-05-06T19:27:38.3761404-03:00 0HN3E3B81D533:0000000A [INF] Executed action "ApiWebDB.Controllers.ClientesController.GetById (ApiWebDB)" in 2.2641ms (afa2e885)
2024-05-06T19:27:38.3762088-03:00 0HN3E3B81D533:0000000A [INF] Executed endpoint '"ApiWebDB.Controllers.ClientesController.GetById (ApiWebDB)"' (99874f2b)
2024-05-06T19:27:38.3764184-03:00 0HN3E3B81D533:0000000A [INF] Request finished "HTTP/1.1" "GET" "http"://"localhost:5226""""/api/Clientes/2""" - 500 null "application/json; charset=utf-8" 2.903ms (74253ad3)
2024-05-06T19:27:39.5001174-03:00 0HN3E3B81D533:0000000B [INF] Request starting "HTTP/1.1" "GET" "http"://"localhost:5226""""/api/Clientes/2""" - null null (d509f86a)
2024-05-06T19:27:39.5006480-03:00 0HN3E3B81D533:0000000B [INF] Executing endpoint '"ApiWebDB.Controllers.ClientesController.GetById (ApiWebDB)"' (500cc934)
2024-05-06T19:27:39.5008861-03:00 0HN3E3B81D533:0000000B [INF] Route matched with "{action = \"GetById\", controller = \"Clientes\"}". Executing controller action with signature "Microsoft.AspNetCore.Mvc.ActionResult`1[ApiWebDB.BaseDados.Models.TbCliente] GetById(Int32)" on controller "ApiWebDB.Controllers.ClientesController" ("ApiWebDB"). (122b2fdf)
2024-05-06T19:27:39.5049788-03:00 0HN3E3B81D533:0000000B [INF] Executing "ObjectResult", writing value of type '"<>f__AnonymousType0`1[[System.String, System.Private.CoreLib, Version=8.0.0.0, Culture=neutral, PublicKeyToken=7cec85d7bea7798e]]"'. (605b4265)
2024-05-06T19:27:39.5054101-03:00 0HN3E3B81D533:0000000B [INF] Executed action "ApiWebDB.Controllers.ClientesController.GetById (ApiWebDB)" in 4.3887ms (afa2e885)
2024-05-06T19:27:39.5057351-03:00 0HN3E3B81D533:0000000B [INF] Executed endpoint '"ApiWebDB.Controllers.ClientesController.GetById (ApiWebDB)"' (99874f2b)
2024-05-06T19:27:39.5061152-03:00 0HN3E3B81D533:0000000B [INF] Request finished "HTTP/1.1" "GET" "http"://"localhost:5226""""/api/Clientes/2""" - 500 null "application/json; charset=utf-8" 6.0125ms (74253ad3)
2024-05-06T19:27:55.3992083-03:00 0HN3E3B81D533:0000000C [INF] Request starting "HTTP/1.1" "POST" "http"://"localhost:5226""""/api/Enderco""" - "application/json" 174 (d509f86a)
2024-05-06T19:27:55.3994885-03:00 0HN3E3B81D533:0000000C [INF] Executing endpoint '"ApiWebDB.Controllers.EndercoController.Insert (ApiWebDB)"' (500cc934)
2024-05-06T19:27:55.3996414-03:00 0HN3E3B81D533:0000000C [INF] Route matched with "{action = \"Insert\", controller = \"Enderco\"}". Executing controller action with signature "Microsoft.AspNetCore.Mvc.ActionResult`1[ApiWebDB.BaseDados.Models.TbEndereco] Insert(ApiWebDB.Services.DTOs.EnderecoDTO)" on controller "ApiWebDB.Controllers.EndercoController" ("ApiWebDB"). (122b2fdf)
2024-05-06T19:27:55.4009361-03:00 0HN3E3B81D533:0000000C [INF] Executing "BadRequestObjectResult", writing value of type '"Microsoft.AspNetCore.Mvc.ValidationProblemDetails"'. (605b4265)
2024-05-06T19:27:55.4012659-03:00 0HN3E3B81D533:0000000C [INF] Executed action "ApiWebDB.Controllers.EndercoController.Insert (ApiWebDB)" in 1.5108ms (afa2e885)
2024-05-06T19:27:55.4013319-03:00 0HN3E3B81D533:0000000C [INF] Executed endpoint '"ApiWebDB.Controllers.EndercoController.Insert (ApiWebDB)"' (99874f2b)
2024-05-06T19:27:55.4017673-03:00 0HN3E3B81D533:0000000C [INF] Request finished "HTTP/1.1" "POST" "http"://"localhost:5226""""/api/Enderco""" - 400 null "application/problem+json; charset=utf-8" 2.8126ms (74253ad3)
2024-05-06T19:27:56.5236134-03:00 0HN3E3B81D533:0000000D [INF] Request starting "HTTP/1.1" "POST" "http"://"localhost:5226""""/api/Enderco""" - "application/json" 174 (d509f86a)
2024-05-06T19:27:56.5237477-03:00 0HN3E3B81D533:0000000D [INF] Executing endpoint '"ApiWebDB.Controllers.EndercoController.Insert (ApiWebDB)"' (500cc934)
2024-05-06T19:27:56.5238218-03:00 0HN3E3B81D533:0000000D [INF] Route matched with "{action = \"Insert\", controller = \"Enderco\"}". Executing controller action with signature "Microsoft.AspNetCore.Mvc.ActionResult`1[ApiWebDB.BaseDados.Models.TbEndereco] Insert(ApiWebDB.Services.DTOs.EnderecoDTO)" on controller "ApiWebDB.Controllers.EndercoController" ("ApiWebDB"). (122b2fdf)
2024-05-06T19:27:56.5249638-03:00 0HN3E3B81D533:0000000D [INF] Executing "BadRequestObjectResult", writing value of type '"Microsoft.AspNetCore.Mvc.ValidationProblemDetails"'. (605b4265)
2024-05-06T19:27:56.5251012-03:00 0HN3E3B81D533:0000000D [INF] Executed action "ApiWebDB.Controllers.EndercoController.Insert (ApiWebDB)" in 1.2481ms (afa2e885)
2024-05-06T19:27:56.5251659-03:00 0HN3E3B81D533:0000000D [INF] Executed endpoint '"ApiWebDB.Controllers.EndercoController.Insert (ApiWebDB)"' (99874f2b)
2024-05-06T19:27:56.5252576-03:00 0HN3E3B81D533:0000000D [INF] Request finished "HTTP/1.1" "POST" "http"://"localhost:5226""""/api/Enderco""" - 400 null "application/problem+json; charset=utf-8" 1.6424ms (74253ad3)
2024-05-06T19:28:12.8485014-03:00 0HN3E3B81D533:0000000E [INF] Request starting "HTTP/1.1" "GET" "http"://"localhost:5226""""/swagger/index.html""" - null null (d509f86a)
2024-05-06T19:28:12.8632946-03:00 0HN3E3B81D533:0000000E [INF] Request finished "HTTP/1.1" "GET" "http"://"localhost:5226""""/swagger/index.html""" - 200 null "text/html;charset=utf-8" 14.6626ms (74253ad3)
2024-05-06T19:28:12.9947941-03:00 0HN3E3B81D533:0000000F [INF] Request starting "HTTP/1.1" "GET" "http"://"localhost:5226""""/_framework/aspnetcore-browser-refresh.js""" - null null (d509f86a)
2024-05-06T19:28:12.9954229-03:00 0HN3E3B81D533:0000000F [INF] Request finished "HTTP/1.1" "GET" "http"://"localhost:5226""""/_framework/aspnetcore-browser-refresh.js""" - 200 13752 "application/javascript; charset=utf-8" 0.704ms (74253ad3)
2024-05-06T19:28:12.9957584-03:00 0HN3E3B81D534:00000001 [INF] Request starting "HTTP/1.1" "GET" "http"://"localhost:5226""""/_vs/browserLink""" - null null (d509f86a)
2024-05-06T19:28:13.0044793-03:00 0HN3E3B81D534:00000001 [INF] Request finished "HTTP/1.1" "GET" "http"://"localhost:5226""""/_vs/browserLink""" - 200 null "text/javascript; charset=UTF-8" 8.6793ms (74253ad3)
2024-05-06T19:28:13.2550644-03:00 0HN3E3B81D534:00000002 [INF] Request starting "HTTP/1.1" "GET" "http"://"localhost:5226""""/swagger/v1/swagger.json""" - null null (d509f86a)
2024-05-06T19:28:13.2643202-03:00 0HN3E3B81D534:00000002 [INF] Request finished "HTTP/1.1" "GET" "http"://"localhost:5226""""/swagger/v1/swagger.json""" - 200 null "application/json;charset=utf-8" 9.2654ms (74253ad3)
2024-05-06T19:29:02.3974785-03:00 0HN3E3B81D534:00000003 [INF] Request starting "HTTP/1.1" "POST" "http"://"localhost:5226""""/api/Enderco""" - "application/json" 182 (d509f86a)
2024-05-06T19:29:02.3977468-03:00 0HN3E3B81D534:00000003 [INF] Executing endpoint '"ApiWebDB.Controllers.EndercoController.Insert (ApiWebDB)"' (500cc934)
2024-05-06T19:29:02.3979996-03:00 0HN3E3B81D534:00000003 [INF] Route matched with "{action = \"Insert\", controller = \"Enderco\"}". Executing controller action with signature "Microsoft.AspNetCore.Mvc.ActionResult`1[ApiWebDB.BaseDados.Models.TbEndereco] Insert(ApiWebDB.Services.DTOs.EnderecoDTO)" on controller "ApiWebDB.Controllers.EndercoController" ("ApiWebDB"). (122b2fdf)
2024-05-06T19:29:02.4038812-03:00 0HN3E3B81D534:00000003 [INF] Executing "ObjectResult", writing value of type '"<>f__AnonymousType0`1[[System.String, System.Private.CoreLib, Version=8.0.0.0, Culture=neutral, PublicKeyToken=7cec85d7bea7798e]]"'. (605b4265)
2024-05-06T19:29:02.4042604-03:00 0HN3E3B81D534:00000003 [INF] Executed action "ApiWebDB.Controllers.EndercoController.Insert (ApiWebDB)" in 6.178ms (afa2e885)
2024-05-06T19:29:02.4043236-03:00 0HN3E3B81D534:00000003 [INF] Executed endpoint '"ApiWebDB.Controllers.EndercoController.Insert (ApiWebDB)"' (99874f2b)
2024-05-06T19:29:02.4046323-03:00 0HN3E3B81D534:00000003 [INF] Request finished "HTTP/1.1" "POST" "http"://"localhost:5226""""/api/Enderco""" - 400 null "application/json; charset=utf-8" 7.0073ms (74253ad3)
2024-05-06T19:29:23.3227270-03:00 0HN3E3B81D534:00000004 [INF] Request starting "HTTP/1.1" "POST" "http"://"localhost:5226""""/api/Enderco""" - "application/json" 181 (d509f86a)
2024-05-06T19:29:23.3229738-03:00 0HN3E3B81D534:00000004 [INF] Executing endpoint '"ApiWebDB.Controllers.EndercoController.Insert (ApiWebDB)"' (500cc934)
2024-05-06T19:29:23.3231338-03:00 0HN3E3B81D534:00000004 [INF] Route matched with "{action = \"Insert\", controller = \"Enderco\"}". Executing controller action with signature "Microsoft.AspNetCore.Mvc.ActionResult`1[ApiWebDB.BaseDados.Models.TbEndereco] Insert(ApiWebDB.Services.DTOs.EnderecoDTO)" on controller "ApiWebDB.Controllers.EndercoController" ("ApiWebDB"). (122b2fdf)
2024-05-06T19:29:23.3947205-03:00 0HN3E3B81D534:00000004 [INF] Executed DbCommand ("15"ms) [Parameters=["@p0='?', @p1='?' (DbType = Int32), @p2='?', @p3='?' (DbType = Int32), @p4='?', @p5='?', @p6='?', @p7='?' (DbType = Int32), @p8='?'"], CommandType='Text', CommandTimeout='30']"
""INSERT INTO tb_enderecos (bairro, cep, cidade, clienteid, complemento, logradouro, numero, status, uf)
VALUES (@p0, @p1, @p2, @p3, @p4, @p5, @p6, @p7, @p8)
RETURNING id;" (0723d8ff)
2024-05-06T19:29:23.3990789-03:00 0HN3E3B81D534:00000004 [INF] Executing "OkObjectResult", writing value of type '"ApiWebDB.BaseDados.Models.TbEndereco"'. (605b4265)
2024-05-06T19:29:23.4011770-03:00 0HN3E3B81D534:00000004 [INF] Executed action "ApiWebDB.Controllers.EndercoController.Insert (ApiWebDB)" in 77.9688ms (afa2e885)
2024-05-06T19:29:23.4012287-03:00 0HN3E3B81D534:00000004 [INF] Executed endpoint '"ApiWebDB.Controllers.EndercoController.Insert (ApiWebDB)"' (99874f2b)
2024-05-06T19:29:23.4014090-03:00 0HN3E3B81D534:00000004 [INF] Request finished "HTTP/1.1" "POST" "http"://"localhost:5226""""/api/Enderco""" - 200 null "application/json; charset=utf-8" 78.7006ms (74253ad3)
2024-05-06T19:29:47.1581891-03:00 0HN3E3B81D534:00000005 [INF] Request starting "HTTP/1.1" "GET" "http"://"localhost:5226""""/api/Enderco/1""" - null null (d509f86a)
2024-05-06T19:29:47.1586369-03:00 0HN3E3B81D534:00000005 [INF] Executing endpoint '"ApiWebDB.Controllers.EndercoController.GetEnder (ApiWebDB)"' (500cc934)
2024-05-06T19:29:47.1613534-03:00 0HN3E3B81D534:00000005 [INF] Route matched with "{action = \"GetEnder\", controller = \"Enderco\"}". Executing controller action with signature "Microsoft.AspNetCore.Mvc.ActionResult`1[ApiWebDB.BaseDados.Models.TbEndereco] GetEnder(Int32)" on controller "ApiWebDB.Controllers.EndercoController" ("ApiWebDB"). (122b2fdf)
2024-05-06T19:29:47.1835844-03:00 0HN3E3B81D534:00000005 [ERR] Method not found: 'Void Microsoft.EntityFrameworkCore.Query.RelationalQueryableMethodTranslatingExpressionVisitor..ctor(Microsoft.EntityFrameworkCore.Query.QueryableMethodTranslatingExpressionVisitorDependencies, Microsoft.EntityFrameworkCore.Query.RelationalQueryableMethodTranslatingExpressionVisitorDependencies, Microsoft.EntityFrameworkCore.Query.QueryCompilationContext)'. (6410900b)
2024-05-06T19:29:47.1837682-03:00 0HN3E3B81D534:00000005 [INF] Executing "ObjectResult", writing value of type '"<>f__AnonymousType0`1[[System.String, System.Private.CoreLib, Version=8.0.0.0, Culture=neutral, PublicKeyToken=7cec85d7bea7798e]]"'. (605b4265)
2024-05-06T19:29:47.1838774-03:00 0HN3E3B81D534:00000005 [INF] Executed action "ApiWebDB.Controllers.EndercoController.GetEnder (ApiWebDB)" in 22.4424ms (afa2e885)
2024-05-06T19:29:47.1839046-03:00 0HN3E3B81D534:00000005 [INF] Executed endpoint '"ApiWebDB.Controllers.EndercoController.GetEnder (ApiWebDB)"' (99874f2b)
2024-05-06T19:29:47.1839794-03:00 0HN3E3B81D534:00000005 [INF] Request finished "HTTP/1.1" "GET" "http"://"localhost:5226""""/api/Enderco/1""" - 500 null "application/json; charset=utf-8" 25.9543ms (74253ad3)
2024-05-06T19:44:14.0737369-03:00 0HN3E3B81D535:00000001 [INF] Request starting "HTTP/1.1" "GET" "http"://"localhost:5226""""/api/Enderco/1""" - null null (d509f86a)
2024-05-06T19:44:14.0743940-03:00 0HN3E3B81D535:00000001 [INF] Executing endpoint '"ApiWebDB.Controllers.EndercoController.GetEnder (ApiWebDB)"' (500cc934)
2024-05-06T19:44:14.0746726-03:00 0HN3E3B81D535:00000001 [INF] Route matched with "{action = \"GetEnder\", controller = \"Enderco\"}". Executing controller action with signature "Microsoft.AspNetCore.Mvc.ActionResult`1[ApiWebDB.BaseDados.Models.TbEndereco] GetEnder(Int32)" on controller "ApiWebDB.Controllers.EndercoController" ("ApiWebDB"). (122b2fdf)
2024-05-06T19:44:14.0792462-03:00 0HN3E3B81D535:00000001 [ERR] Method not found: 'Void Microsoft.EntityFrameworkCore.Query.RelationalQueryableMethodTranslatingExpressionVisitor..ctor(Microsoft.EntityFrameworkCore.Query.QueryableMethodTranslatingExpressionVisitorDependencies, Microsoft.EntityFrameworkCore.Query.RelationalQueryableMethodTranslatingExpressionVisitorDependencies, Microsoft.EntityFrameworkCore.Query.QueryCompilationContext)'. (6410900b)
2024-05-06T19:44:14.0803558-03:00 0HN3E3B81D535:00000001 [INF] Executing "ObjectResult", writing value of type '"<>f__AnonymousType0`1[[System.String, System.Private.CoreLib, Version=8.0.0.0, Culture=neutral, PublicKeyToken=7cec85d7bea7798e]]"'. (605b4265)
2024-05-06T19:44:14.0815540-03:00 0HN3E3B81D535:00000001 [INF] Executed action "ApiWebDB.Controllers.EndercoController.GetEnder (ApiWebDB)" in 6.7664ms (afa2e885)
2024-05-06T19:44:14.0817436-03:00 0HN3E3B81D535:00000001 [INF] Executed endpoint '"ApiWebDB.Controllers.EndercoController.GetEnder (ApiWebDB)"' (99874f2b)
2024-05-06T19:44:14.0821048-03:00 0HN3E3B81D535:00000001 [INF] Request finished "HTTP/1.1" "GET" "http"://"localhost:5226""""/api/Enderco/1""" - 500 null "application/json; charset=utf-8" 8.4151ms (74253ad3)
2024-05-06T19:48:07.1995460-03:00 0HN3E3B81D536:00000001 [INF] Request starting "HTTP/1.1" "GET" "http"://"localhost:5226""""/api/Enderco/2""" - null null (d509f86a)
2024-05-06T19:48:07.1997592-03:00 0HN3E3B81D536:00000001 [INF] Executing endpoint '"ApiWebDB.Controllers.EndercoController.GetEnder (ApiWebDB)"' (500cc934)
2024-05-06T19:48:07.1998615-03:00 0HN3E3B81D536:00000001 [INF] Route matched with "{action = \"GetEnder\", controller = \"Enderco\"}". Executing controller action with signature "Microsoft.AspNetCore.Mvc.ActionResult`1[ApiWebDB.BaseDados.Models.TbEndereco] GetEnder(Int32)" on controller "ApiWebDB.Controllers.EndercoController" ("ApiWebDB"). (122b2fdf)
2024-05-06T19:48:07.2016064-03:00 0HN3E3B81D536:00000001 [ERR] Method not found: 'Void Microsoft.EntityFrameworkCore.Query.RelationalQueryableMethodTranslatingExpressionVisitor..ctor(Microsoft.EntityFrameworkCore.Query.QueryableMethodTranslatingExpressionVisitorDependencies, Microsoft.EntityFrameworkCore.Query.RelationalQueryableMethodTranslatingExpressionVisitorDependencies, Microsoft.EntityFrameworkCore.Query.QueryCompilationContext)'. (6410900b)
2024-05-06T19:48:07.2017467-03:00 0HN3E3B81D536:00000001 [INF] Executing "ObjectResult", writing value of type '"<>f__AnonymousType0`1[[System.String, System.Private.CoreLib, Version=8.0.0.0, Culture=neutral, PublicKeyToken=7cec85d7bea7798e]]"'. (605b4265)
2024-05-06T19:48:07.2018840-03:00 0HN3E3B81D536:00000001 [INF] Executed action "ApiWebDB.Controllers.EndercoController.GetEnder (ApiWebDB)" in 1.9831ms (afa2e885)
2024-05-06T19:48:07.2019191-03:00 0HN3E3B81D536:00000001 [INF] Executed endpoint '"ApiWebDB.Controllers.EndercoController.GetEnder (ApiWebDB)"' (99874f2b)
2024-05-06T19:48:07.2019966-03:00 0HN3E3B81D536:00000001 [INF] Request finished "HTTP/1.1" "GET" "http"://"localhost:5226""""/api/Enderco/2""" - 500 null "application/json; charset=utf-8" 2.4738ms (74253ad3)
2024-05-06T19:48:24.9649802-03:00 0HN3E3B81D536:00000002 [INF] Request starting "HTTP/1.1" "GET" "http"://"localhost:5226""""/api/Enderco/2""" - null null (d509f86a)
2024-05-06T19:48:24.9652299-03:00 0HN3E3B81D536:00000002 [INF] Executing endpoint '"ApiWebDB.Controllers.EndercoController.GetEnder (ApiWebDB)"' (500cc934)
2024-05-06T19:48:24.9653777-03:00 0HN3E3B81D536:00000002 [INF] Route matched with "{action = \"GetEnder\", controller = \"Enderco\"}". Executing controller action with signature "Microsoft.AspNetCore.Mvc.ActionResult`1[ApiWebDB.BaseDados.Models.TbEndereco] GetEnder(Int32)" on controller "ApiWebDB.Controllers.EndercoController" ("ApiWebDB"). (122b2fdf)
2024-05-06T19:48:24.9675326-03:00 0HN3E3B81D536:00000002 [ERR] Method not found: 'Void Microsoft.EntityFrameworkCore.Query.RelationalQueryableMethodTranslatingExpressionVisitor..ctor(Microsoft.EntityFrameworkCore.Query.QueryableMethodTranslatingExpressionVisitorDependencies, Microsoft.EntityFrameworkCore.Query.RelationalQueryableMethodTranslatingExpressionVisitorDependencies, Microsoft.EntityFrameworkCore.Query.QueryCompilationContext)'. (6410900b)
2024-05-06T19:48:24.9677177-03:00 0HN3E3B81D536:00000002 [INF] Executing "ObjectResult", writing value of type '"<>f__AnonymousType0`1[[System.String, System.Private.CoreLib, Version=8.0.0.0, Culture=neutral, PublicKeyToken=7cec85d7bea7798e]]"'. (605b4265)
2024-05-06T19:48:24.9679388-03:00 0HN3E3B81D536:00000002 [INF] Executed action "ApiWebDB.Controllers.EndercoController.GetEnder (ApiWebDB)" in 2.488ms (afa2e885)
2024-05-06T19:48:24.9679925-03:00 0HN3E3B81D536:00000002 [INF] Executed endpoint '"ApiWebDB.Controllers.EndercoController.GetEnder (ApiWebDB)"' (99874f2b)
2024-05-06T19:48:24.9681274-03:00 0HN3E3B81D536:00000002 [INF] Request finished "HTTP/1.1" "GET" "http"://"localhost:5226""""/api/Enderco/2""" - 500 null "application/json; charset=utf-8" 3.1718ms (74253ad3)
2024-05-06T19:49:14.3814282-03:00 0HN3E3B81D538:00000001 [INF] Request starting "HTTP/1.1" "GET" "http"://"localhost:5226""""/api/Enderco/2
""" - null null (d509f86a)
2024-05-06T19:49:14.3817001-03:00 0HN3E3B81D538:00000001 [INF] Executing endpoint '"ApiWebDB.Controllers.EndercoController.GetEnder (ApiWebDB)"' (500cc934)
2024-05-06T19:49:14.3818204-03:00 0HN3E3B81D538:00000001 [INF] Route matched with "{action = \"GetEnder\", controller = \"Enderco\"}". Executing controller action with signature "Microsoft.AspNetCore.Mvc.ActionResult`1[ApiWebDB.BaseDados.Models.TbEndereco] GetEnder(Int32)" on controller "ApiWebDB.Controllers.EndercoController" ("ApiWebDB"). (122b2fdf)
2024-05-06T19:49:14.3837781-03:00 0HN3E3B81D538:00000001 [ERR] Method not found: 'Void Microsoft.EntityFrameworkCore.Query.RelationalQueryableMethodTranslatingExpressionVisitor..ctor(Microsoft.EntityFrameworkCore.Query.QueryableMethodTranslatingExpressionVisitorDependencies, Microsoft.EntityFrameworkCore.Query.RelationalQueryableMethodTranslatingExpressionVisitorDependencies, Microsoft.EntityFrameworkCore.Query.QueryCompilationContext)'. (6410900b)
2024-05-06T19:49:14.3842180-03:00 0HN3E3B81D538:00000001 [INF] Executing "ObjectResult", writing value of type '"<>f__AnonymousType0`1[[System.String, System.Private.CoreLib, Version=8.0.0.0, Culture=neutral, PublicKeyToken=7cec85d7bea7798e]]"'. (605b4265)
2024-05-06T19:49:14.3845633-03:00 0HN3E3B81D538:00000001 [INF] Executed action "ApiWebDB.Controllers.EndercoController.GetEnder (ApiWebDB)" in 2.6196ms (afa2e885)
2024-05-06T19:49:14.3847155-03:00 0HN3E3B81D538:00000001 [INF] Executed endpoint '"ApiWebDB.Controllers.EndercoController.GetEnder (ApiWebDB)"' (99874f2b)
2024-05-06T19:49:14.3850992-03:00 0HN3E3B81D538:00000001 [INF] Request finished "HTTP/1.1" "GET" "http"://"localhost:5226""""/api/Enderco/2
""" - 500 null "application/json; charset=utf-8" 3.5834ms (74253ad3)
2024-05-06T19:53:06.8113638-03:00  [INF] Now listening on: "http://localhost:5226" (d826f4b8)
2024-05-06T19:53:06.9045087-03:00 0HN3E3T5N2BH3:00000001 [INF] Request starting "HTTP/1.1" "GET" "http"://"localhost:5226""""/swagger/index.html""" - null null (d509f86a)
2024-05-06T19:53:06.9323451-03:00  [INF] Application started. Press Ctrl+C to shut down. (dcaefe54)
2024-05-06T19:53:06.9334084-03:00  [INF] Hosting environment: "Development" (bc5a1a4e)
2024-05-06T19:53:06.9334909-03:00  [INF] Content root path: "C:\Aula Juliano\Aula-Juliano\ApiWebDB" (cc26f24e)
2024-05-06T19:53:07.0632408-03:00 0HN3E3T5N2BH3:00000001 [INF] Request finished "HTTP/1.1" "GET" "http"://"localhost:5226""""/swagger/index.html""" - 200 null "text/html;charset=utf-8" 158.8591ms (74253ad3)
2024-05-06T19:53:07.1043171-03:00 0HN3E3T5N2BH3:00000002 [INF] Request starting "HTTP/1.1" "GET" "http"://"localhost:5226""""/_framework/aspnetcore-browser-refresh.js""" - null null (d509f86a)
2024-05-06T19:53:07.1064274-03:00 0HN3E3T5N2BH3:00000002 [INF] Request finished "HTTP/1.1" "GET" "http"://"localhost:5226""""/_framework/aspnetcore-browser-refresh.js""" - 200 13752 "application/javascript; charset=utf-8" 2.0192ms (74253ad3)
2024-05-06T19:53:07.1376267-03:00 0HN3E3T5N2BH3:00000003 [INF] Request starting "HTTP/1.1" "GET" "http"://"localhost:5226""""/_vs/browserLink""" - null null (d509f86a)
2024-05-06T19:53:07.1740865-03:00 0HN3E3T5N2BH3:00000003 [INF] Request finished "HTTP/1.1" "GET" "http"://"localhost:5226""""/_vs/browserLink""" - 200 null "text/javascript; charset=UTF-8" 36.46ms (74253ad3)
2024-05-06T19:53:07.2984538-03:00 0HN3E3T5N2BH3:00000004 [INF] Request starting "HTTP/1.1" "GET" "http"://"localhost:5226""""/swagger/v1/swagger.json""" - null null (d509f86a)
2024-05-06T19:53:07.3823738-03:00 0HN3E3T5N2BH3:00000004 [INF] Request finished "HTTP/1.1" "GET" "http"://"localhost:5226""""/swagger/v1/swagger.json""" - 200 null "application/json;charset=utf-8" 83.9051ms (74253ad3)
2024-05-06T19:53:22.4840606-03:00 0HN3E3T5N2BH3:00000005 [INF] Request starting "HTTP/1.1" "GET" "http"://"localhost:5226""""/api/Enderco/2""" - null null (d509f86a)
2024-05-06T19:53:22.4923260-03:00 0HN3E3T5N2BH3:00000005 [INF] Executing endpoint '"ApiWebDB.Controllers.EndercoController.GetEnder (ApiWebDB)"' (500cc934)
2024-05-06T19:53:22.5173369-03:00 0HN3E3T5N2BH3:00000005 [INF] Route matched with "{action = \"GetEnder\", controller = \"Enderco\"}". Executing controller action with signature "Microsoft.AspNetCore.Mvc.ActionResult`1[ApiWebDB.BaseDados.Models.TbEndereco] GetEnder(Int32)" on controller "ApiWebDB.Controllers.EndercoController" ("ApiWebDB"). (122b2fdf)
2024-05-06T19:53:23.2997492-03:00 0HN3E3T5N2BH3:00000005 [ERR] Method not found: 'Void Microsoft.EntityFrameworkCore.Query.RelationalQueryableMethodTranslatingExpressionVisitor..ctor(Microsoft.EntityFrameworkCore.Query.QueryableMethodTranslatingExpressionVisitorDependencies, Microsoft.EntityFrameworkCore.Query.RelationalQueryableMethodTranslatingExpressionVisitorDependencies, Microsoft.EntityFrameworkCore.Query.QueryCompilationContext)'. (6410900b)
2024-05-06T19:53:23.3062035-03:00 0HN3E3T5N2BH3:00000005 [INF] Executing "ObjectResult", writing value of type '"<>f__AnonymousType0`1[[System.String, System.Private.CoreLib, Version=8.0.0.0, Culture=neutral, PublicKeyToken=7cec85d7bea7798e]]"'. (605b4265)
2024-05-06T19:53:23.3143139-03:00 0HN3E3T5N2BH3:00000005 [INF] Executed action "ApiWebDB.Controllers.EndercoController.GetEnder (ApiWebDB)" in 793.6825ms (afa2e885)
2024-05-06T19:53:23.3144153-03:00 0HN3E3T5N2BH3:00000005 [INF] Executed endpoint '"ApiWebDB.Controllers.EndercoController.GetEnder (ApiWebDB)"' (99874f2b)
2024-05-06T19:53:23.3188902-03:00 0HN3E3T5N2BH3:00000005 [INF] Request finished "HTTP/1.1" "GET" "http"://"localhost:5226""""/api/Enderco/2""" - 500 null "application/json; charset=utf-8" 834.7715ms (74253ad3)
2024-05-06T19:55:23.3846738-03:00 0HN3E3T5N2BH3:00000006 [INF] Request starting "HTTP/1.1" "DELETE" "http"://"localhost:5226""""/api/Enderco/1""" - null null (d509f86a)
2024-05-06T19:55:23.3868968-03:00 0HN3E3T5N2BH3:00000006 [INF] Executing endpoint '"ApiWebDB.Controllers.EndercoController.Delete (ApiWebDB)"' (500cc934)
2024-05-06T19:55:23.3927611-03:00 0HN3E3T5N2BH3:00000006 [INF] Route matched with "{action = \"Delete\", controller = \"Enderco\"}". Executing controller action with signature "Microsoft.AspNetCore.Mvc.ActionResult`1[ApiWebDB.BaseDados.Models.TbEndereco] Delete(Int32)" on controller "ApiWebDB.Controllers.EndercoController" ("ApiWebDB"). (122b2fdf)
2024-05-06T19:55:23.4487998-03:00 0HN3E3T5N2BH3:00000006 [ERR] Method not found: 'Void Microsoft.EntityFrameworkCore.Query.RelationalQueryableMethodTranslatingExpressionVisitor..ctor(Microsoft.EntityFrameworkCore.Query.QueryableMethodTranslatingExpressionVisitorDependencies, Microsoft.EntityFrameworkCore.Query.RelationalQueryableMethodTranslatingExpressionVisitorDependencies, Microsoft.EntityFrameworkCore.Query.QueryCompilationContext)'. (6410900b)
2024-05-06T19:55:23.4499370-03:00 0HN3E3T5N2BH3:00000006 [INF] Executing "ObjectResult", writing value of type '"<>f__AnonymousType0`1[[System.String, System.Private.CoreLib, Version=8.0.0.0, Culture=neutral, PublicKeyToken=7cec85d7bea7798e]]"'. (605b4265)
2024-05-06T19:55:23.4510165-03:00 0HN3E3T5N2BH3:00000006 [INF] Executed action "ApiWebDB.Controllers.EndercoController.Delete (ApiWebDB)" in 57.9444ms (afa2e885)
2024-05-06T19:55:23.4513828-03:00 0HN3E3T5N2BH3:00000006 [INF] Executed endpoint '"ApiWebDB.Controllers.EndercoController.Delete (ApiWebDB)"' (99874f2b)
2024-05-06T19:55:23.4521117-03:00 0HN3E3T5N2BH3:00000006 [INF] Request finished "HTTP/1.1" "DELETE" "http"://"localhost:5226""""/api/Enderco/1""" - 500 null "application/json; charset=utf-8" 67.4384ms (74253ad3)
2024-05-06T19:55:27.7750077-03:00 0HN3E3T5N2BH3:00000007 [INF] Request starting "HTTP/1.1" "DELETE" "http"://"localhost:5226""""/api/Enderco/2""" - null null (d509f86a)
2024-05-06T19:55:27.7754199-03:00 0HN3E3T5N2BH3:00000007 [INF] Executing endpoint '"ApiWebDB.Controllers.EndercoController.Delete (ApiWebDB)"' (500cc934)
2024-05-06T19:55:27.7756090-03:00 0HN3E3T5N2BH3:00000007 [INF] Route matched with "{action = \"Delete\", controller = \"Enderco\"}". Executing controller action with signature "Microsoft.AspNetCore.Mvc.ActionResult`1[ApiWebDB.BaseDados.Models.TbEndereco] Delete(Int32)" on controller "ApiWebDB.Controllers.EndercoController" ("ApiWebDB"). (122b2fdf)
2024-05-06T19:55:27.8589303-03:00 0HN3E3T5N2BH3:00000007 [ERR] Method not found: 'Void Microsoft.EntityFrameworkCore.Query.RelationalQueryableMethodTranslatingExpressionVisitor..ctor(Microsoft.EntityFrameworkCore.Query.QueryableMethodTranslatingExpressionVisitorDependencies, Microsoft.EntityFrameworkCore.Query.RelationalQueryableMethodTranslatingExpressionVisitorDependencies, Microsoft.EntityFrameworkCore.Query.QueryCompilationContext)'. (6410900b)
2024-05-06T19:55:27.8591440-03:00 0HN3E3T5N2BH3:00000007 [INF] Executing "ObjectResult", writing value of type '"<>f__AnonymousType0`1[[System.String, System.Private.CoreLib, Version=8.0.0.0, Culture=neutral, PublicKeyToken=7cec85d7bea7798e]]"'. (605b4265)
2024-05-06T19:55:27.8593506-03:00 0HN3E3T5N2BH3:00000007 [INF] Executed action "ApiWebDB.Controllers.EndercoController.Delete (ApiWebDB)" in 83.6586ms (afa2e885)
2024-05-06T19:55:27.8594127-03:00 0HN3E3T5N2BH3:00000007 [INF] Executed endpoint '"ApiWebDB.Controllers.EndercoController.Delete (ApiWebDB)"' (99874f2b)
2024-05-06T19:55:27.8597623-03:00 0HN3E3T5N2BH3:00000007 [INF] Request finished "HTTP/1.1" "DELETE" "http"://"localhost:5226""""/api/Enderco/2""" - 500 null "application/json; charset=utf-8" 84.7258ms (74253ad3)
2024-05-06T19:57:11.9822839-03:00  [INF] Now listening on: "http://localhost:5226" (d826f4b8)
2024-05-06T19:57:12.0692601-03:00 0HN3E3VEP7KP9:00000001 [INF] Request starting "HTTP/1.1" "GET" "http"://"localhost:5226""""/swagger/index.html""" - null null (d509f86a)
2024-05-06T19:57:12.0875037-03:00  [INF] Application started. Press Ctrl+C to shut down. (dcaefe54)
2024-05-06T19:57:12.0886479-03:00  [INF] Hosting environment: "Development" (bc5a1a4e)
2024-05-06T19:57:12.0887202-03:00  [INF] Content root path: "C:\Aula Juliano\Aula-Juliano\ApiWebDB" (cc26f24e)
2024-05-06T19:57:12.2195249-03:00 0HN3E3VEP7KP9:00000001 [INF] Request finished "HTTP/1.1" "GET" "http"://"localhost:5226""""/swagger/index.html""" - 200 null "text/html;charset=utf-8" 150.1162ms (74253ad3)
2024-05-06T19:57:12.2643611-03:00 0HN3E3VEP7KP9:00000002 [INF] Request starting "HTTP/1.1" "GET" "http"://"localhost:5226""""/_framework/aspnetcore-browser-refresh.js""" - null null (d509f86a)
2024-05-06T19:57:12.2663507-03:00 0HN3E3VEP7KP9:00000002 [INF] Request finished "HTTP/1.1" "GET" "http"://"localhost:5226""""/_framework/aspnetcore-browser-refresh.js""" - 200 13752 "application/javascript; charset=utf-8" 1.9565ms (74253ad3)
2024-05-06T19:57:12.2913542-03:00 0HN3E3VEP7KP9:00000003 [INF] Request starting "HTTP/1.1" "GET" "http"://"localhost:5226""""/_vs/browserLink""" - null null (d509f86a)
2024-05-06T19:57:12.3195243-03:00 0HN3E3VEP7KP9:00000003 [INF] Request finished "HTTP/1.1" "GET" "http"://"localhost:5226""""/_vs/browserLink""" - 200 null "text/javascript; charset=UTF-8" 28.3452ms (74253ad3)
2024-05-06T19:57:12.4583247-03:00 0HN3E3VEP7KP9:00000004 [INF] Request starting "HTTP/1.1" "GET" "http"://"localhost:5226""""/swagger/v1/swagger.json""" - null null (d509f86a)
2024-05-06T19:57:12.5582671-03:00 0HN3E3VEP7KP9:00000004 [INF] Request finished "HTTP/1.1" "GET" "http"://"localhost:5226""""/swagger/v1/swagger.json""" - 200 null "application/json;charset=utf-8" 99.9205ms (74253ad3)
2024-05-06T19:57:31.9323871-03:00 0HN3E3VEP7KP9:00000005 [INF] Request starting "HTTP/1.1" "GET" "http"://"localhost:5226""""/api/Enderco/2""" - null null (d509f86a)
2024-05-06T19:57:31.9407123-03:00 0HN3E3VEP7KP9:00000005 [INF] Executing endpoint '"ApiWebDB.Controllers.EndercoController.GetEnder (ApiWebDB)"' (500cc934)
2024-05-06T19:57:31.9679717-03:00 0HN3E3VEP7KP9:00000005 [INF] Route matched with "{action = \"GetEnder\", controller = \"Enderco\"}". Executing controller action with signature "Microsoft.AspNetCore.Mvc.ActionResult`1[ApiWebDB.BaseDados.Models.TbEndereco] GetEnder(Int32)" on controller "ApiWebDB.Controllers.EndercoController" ("ApiWebDB"). (122b2fdf)
2024-05-06T19:57:32.6995210-03:00 0HN3E3VEP7KP9:00000005 [ERR] Method not found: 'Void Microsoft.EntityFrameworkCore.Query.RelationalQueryableMethodTranslatingExpressionVisitor..ctor(Microsoft.EntityFrameworkCore.Query.QueryableMethodTranslatingExpressionVisitorDependencies, Microsoft.EntityFrameworkCore.Query.RelationalQueryableMethodTranslatingExpressionVisitorDependencies, Microsoft.EntityFrameworkCore.Query.QueryCompilationContext)'. (6410900b)
2024-05-06T19:57:32.7058075-03:00 0HN3E3VEP7KP9:00000005 [INF] Executing "ObjectResult", writing value of type '"<>f__AnonymousType0`1[[System.String, System.Private.CoreLib, Version=8.0.0.0, Culture=neutral, PublicKeyToken=7cec85d7bea7798e]]"'. (605b4265)
2024-05-06T19:57:32.7152455-03:00 0HN3E3VEP7KP9:00000005 [INF] Executed action "ApiWebDB.Controllers.EndercoController.GetEnder (ApiWebDB)" in 742.4225ms (afa2e885)
2024-05-06T19:57:32.7153635-03:00 0HN3E3VEP7KP9:00000005 [INF] Executed endpoint '"ApiWebDB.Controllers.EndercoController.GetEnder (ApiWebDB)"' (99874f2b)
2024-05-06T19:57:32.7193504-03:00 0HN3E3VEP7KP9:00000005 [INF] Request finished "HTTP/1.1" "GET" "http"://"localhost:5226""""/api/Enderco/2""" - 500 null "application/json; charset=utf-8" 786.9491ms (74253ad3)
2024-05-06T20:03:48.2622878-03:00  [INF] Now listening on: "http://localhost:5226" (d826f4b8)
2024-05-06T20:03:48.3477118-03:00  [INF] Application started. Press Ctrl+C to shut down. (dcaefe54)
2024-05-06T20:03:48.3486908-03:00  [INF] Hosting environment: "Development" (bc5a1a4e)
2024-05-06T20:03:48.3487812-03:00  [INF] Content root path: "C:\Aula Juliano\Aula-Juliano\ApiWebDB" (cc26f24e)
2024-05-06T20:03:48.9223016-03:00 0HN3E434V2D6J:00000001 [INF] Request starting "HTTP/1.1" "GET" "http"://"localhost:5226""""/swagger/index.html""" - null null (d509f86a)
2024-05-06T20:03:49.0678809-03:00 0HN3E434V2D6J:00000001 [INF] Request finished "HTTP/1.1" "GET" "http"://"localhost:5226""""/swagger/index.html""" - 200 null "text/html;charset=utf-8" 147.0262ms (74253ad3)
2024-05-06T20:03:49.1647682-03:00 0HN3E434V2D6I:00000001 [INF] Request starting "HTTP/1.1" "GET" "http"://"localhost:5226""""/_vs/browserLink""" - null null (d509f86a)
2024-05-06T20:03:49.1648129-03:00 0HN3E434V2D6J:00000002 [INF] Request starting "HTTP/1.1" "GET" "http"://"localhost:5226""""/_framework/aspnetcore-browser-refresh.js""" - null null (d509f86a)
2024-05-06T20:03:49.1676178-03:00 0HN3E434V2D6J:00000002 [INF] Request finished "HTTP/1.1" "GET" "http"://"localhost:5226""""/_framework/aspnetcore-browser-refresh.js""" - 200 13752 "application/javascript; charset=utf-8" 2.7073ms (74253ad3)
2024-05-06T20:03:49.2181320-03:00 0HN3E434V2D6I:00000001 [INF] Request finished "HTTP/1.1" "GET" "http"://"localhost:5226""""/_vs/browserLink""" - 200 null "text/javascript; charset=UTF-8" 53.4205ms (74253ad3)
2024-05-06T20:03:49.3224505-03:00 0HN3E434V2D6I:00000002 [INF] Request starting "HTTP/1.1" "GET" "http"://"localhost:5226""""/swagger/v1/swagger.json""" - null null (d509f86a)
2024-05-06T20:03:49.4195080-03:00 0HN3E434V2D6I:00000002 [INF] Request finished "HTTP/1.1" "GET" "http"://"localhost:5226""""/swagger/v1/swagger.json""" - 200 null "application/json;charset=utf-8" 97.024ms (74253ad3)
2024-05-06T20:03:57.8313548-03:00 0HN3E434V2D6I:00000003 [INF] Request starting "HTTP/1.1" "GET" "http"://"localhost:5226""""/api/Enderco/2""" - null null (d509f86a)
2024-05-06T20:03:57.8452871-03:00 0HN3E434V2D6I:00000003 [INF] Executing endpoint '"ApiWebDB.Controllers.EndercoController.GetEnder (ApiWebDB)"' (500cc934)
2024-05-06T20:03:57.8762735-03:00 0HN3E434V2D6I:00000003 [INF] Route matched with "{action = \"GetEnder\", controller = \"Enderco\"}". Executing controller action with signature "Microsoft.AspNetCore.Mvc.ActionResult`1[ApiWebDB.BaseDados.Models.TbEndereco] GetEnder(Int32)" on controller "ApiWebDB.Controllers.EndercoController" ("ApiWebDB"). (122b2fdf)
2024-05-06T20:03:59.2850324-03:00 0HN3E434V2D6I:00000003 [INF] Executed DbCommand ("45"ms) [Parameters=["@__id_0='?' (DbType = Int32)"], CommandType='Text', CommandTimeout='30']"
""SELECT t.id, t.bairro, t.cep, t.cidade, t.clienteid, t.complemento, t.logradouro, t.numero, t.status, t.uf
FROM tb_enderecos AS t
WHERE t.clienteid = @__id_0
LIMIT 1" (0723d8ff)
2024-05-06T20:03:59.3582402-03:00 0HN3E434V2D6I:00000003 [INF] Executing "OkObjectResult", writing value of type '"ApiWebDB.BaseDados.Models.TbEndereco"'. (605b4265)
2024-05-06T20:03:59.3720129-03:00 0HN3E434V2D6I:00000003 [INF] Executed action "ApiWebDB.Controllers.EndercoController.GetEnder (ApiWebDB)" in 1492.3547ms (afa2e885)
2024-05-06T20:03:59.3721095-03:00 0HN3E434V2D6I:00000003 [INF] Executed endpoint '"ApiWebDB.Controllers.EndercoController.GetEnder (ApiWebDB)"' (99874f2b)
2024-05-06T20:03:59.3785464-03:00 0HN3E434V2D6I:00000003 [INF] Request finished "HTTP/1.1" "GET" "http"://"localhost:5226""""/api/Enderco/2""" - 200 null "application/json; charset=utf-8" 1547.235ms (74253ad3)
2024-05-06T20:04:31.9924170-03:00 0HN3E434V2D6I:00000004 [INF] Request starting "HTTP/1.1" "DELETE" "http"://"localhost:5226""""/api/Enderco/2""" - null null (d509f86a)
2024-05-06T20:04:31.9953458-03:00 0HN3E434V2D6I:00000004 [INF] Executing endpoint '"ApiWebDB.Controllers.EndercoController.Delete (ApiWebDB)"' (500cc934)
2024-05-06T20:04:32.0069442-03:00 0HN3E434V2D6I:00000004 [INF] Route matched with "{action = \"Delete\", controller = \"Enderco\"}". Executing controller action with signature "Microsoft.AspNetCore.Mvc.ActionResult`1[ApiWebDB.BaseDados.Models.TbEndereco] Delete(Int32)" on controller "ApiWebDB.Controllers.EndercoController" ("ApiWebDB"). (122b2fdf)
2024-05-06T20:04:32.1008584-03:00 0HN3E434V2D6I:00000004 [INF] Executed DbCommand ("2"ms) [Parameters=["@__id_0='?' (DbType = Int32)"], CommandType='Text', CommandTimeout='30']"
""SELECT t.id, t.bairro, t.cep, t.cidade, t.clienteid, t.complemento, t.logradouro, t.numero, t.status, t.uf
FROM tb_enderecos AS t
WHERE t.id = @__id_0
LIMIT 1" (0723d8ff)
2024-05-06T20:04:32.1028883-03:00 0HN3E434V2D6I:00000004 [INF] Executing "NotFoundObjectResult", writing value of type '"System.String"'. (605b4265)
2024-05-06T20:04:32.1047374-03:00 0HN3E434V2D6I:00000004 [INF] Executed action "ApiWebDB.Controllers.EndercoController.Delete (ApiWebDB)" in 97.4089ms (afa2e885)
2024-05-06T20:04:32.1049988-03:00 0HN3E434V2D6I:00000004 [INF] Executed endpoint '"ApiWebDB.Controllers.EndercoController.Delete (ApiWebDB)"' (99874f2b)
2024-05-06T20:04:32.1066717-03:00 0HN3E434V2D6I:00000004 [INF] Request finished "HTTP/1.1" "DELETE" "http"://"localhost:5226""""/api/Enderco/2""" - 404 null "text/plain; charset=utf-8" 114.2759ms (74253ad3)
2024-05-06T20:04:37.8780363-03:00 0HN3E434V2D6I:00000005 [INF] Request starting "HTTP/1.1" "DELETE" "http"://"localhost:5226""""/api/Enderco/1""" - null null (d509f86a)
2024-05-06T20:04:37.8787288-03:00 0HN3E434V2D6I:00000005 [INF] Executing endpoint '"ApiWebDB.Controllers.EndercoController.Delete (ApiWebDB)"' (500cc934)
2024-05-06T20:04:37.8790472-03:00 0HN3E434V2D6I:00000005 [INF] Route matched with "{action = \"Delete\", controller = \"Enderco\"}". Executing controller action with signature "Microsoft.AspNetCore.Mvc.ActionResult`1[ApiWebDB.BaseDados.Models.TbEndereco] Delete(Int32)" on controller "ApiWebDB.Controllers.EndercoController" ("ApiWebDB"). (122b2fdf)
2024-05-06T20:04:37.9655834-03:00 0HN3E434V2D6I:00000005 [INF] Executed DbCommand ("1"ms) [Parameters=["@__id_0='?' (DbType = Int32)"], CommandType='Text', CommandTimeout='30']"
""SELECT t.id, t.bairro, t.cep, t.cidade, t.clienteid, t.complemento, t.logradouro, t.numero, t.status, t.uf
FROM tb_enderecos AS t
WHERE t.id = @__id_0
LIMIT 1" (0723d8ff)
2024-05-06T20:04:38.0447647-03:00 0HN3E434V2D6I:00000005 [INF] Executed DbCommand ("7"ms) [Parameters=["@p0='?' (DbType = Int32)"], CommandType='Text', CommandTimeout='30']"
""DELETE FROM tb_enderecos
WHERE id = @p0;" (0723d8ff)
2024-05-06T20:04:38.0555007-03:00 0HN3E434V2D6I:00000005 [INF] Executing StatusCodeResult, setting HTTP status code 204 (3fe03d2f)
2024-05-06T20:04:38.0556227-03:00 0HN3E434V2D6I:00000005 [INF] Executed action "ApiWebDB.Controllers.EndercoController.Delete (ApiWebDB)" in 176.4661ms (afa2e885)
2024-05-06T20:04:38.0556600-03:00 0HN3E434V2D6I:00000005 [INF] Executed endpoint '"ApiWebDB.Controllers.EndercoController.Delete (ApiWebDB)"' (99874f2b)
2024-05-06T20:04:38.0558401-03:00 0HN3E434V2D6I:00000005 [INF] Request finished "HTTP/1.1" "DELETE" "http"://"localhost:5226""""/api/Enderco/1""" - 204 null null 177.8729ms (74253ad3)
2024-05-06T20:07:00.2505354-03:00 0HN3E434V2D6M:00000001 [INF] Request starting "HTTP/1.1" "GET" "http"://"localhost:5226""""/_framework/aspnetcore-browser-refresh.js""" - null null (d509f86a)
2024-05-06T20:07:00.2511518-03:00 0HN3E434V2D6M:00000001 [INF] Request finished "HTTP/1.1" "GET" "http"://"localhost:5226""""/_framework/aspnetcore-browser-refresh.js""" - 200 13752 "application/javascript; charset=utf-8" 0.6187ms (74253ad3)
2024-05-06T20:07:00.3139962-03:00 0HN3E434V2D6M:00000002 [INF] Request starting "HTTP/1.1" "GET" "http"://"localhost:5226""""/_vs/browserLink""" - null null (d509f86a)
2024-05-06T20:07:00.3328674-03:00 0HN3E434V2D6M:00000002 [INF] Request finished "HTTP/1.1" "GET" "http"://"localhost:5226""""/_vs/browserLink""" - 200 null "text/javascript; charset=UTF-8" 18.7624ms (74253ad3)
2024-05-06T20:07:00.5451032-03:00 0HN3E434V2D6N:00000001 [INF] Request starting "HTTP/1.1" "GET" "http"://"localhost:5226""""/swagger/v1/swagger.json""" - null null (d509f86a)
2024-05-06T20:07:00.5699432-03:00 0HN3E434V2D6N:00000001 [INF] Request finished "HTTP/1.1" "GET" "http"://"localhost:5226""""/swagger/v1/swagger.json""" - 200 null "application/json;charset=utf-8" 24.784ms (74253ad3)
2024-05-06T20:07:45.5272438-03:00  [INF] Now listening on: "http://localhost:5226" (d826f4b8)
2024-05-06T20:07:45.6142600-03:00  [INF] Application started. Press Ctrl+C to shut down. (dcaefe54)
2024-05-06T20:07:45.6151464-03:00  [INF] Hosting environment: "Development" (bc5a1a4e)
2024-05-06T20:07:45.6151985-03:00  [INF] Content root path: "C:\Aula Juliano\Aula-Juliano\ApiWebDB" (cc26f24e)
2024-05-06T20:07:46.5410646-03:00 0HN3E45BN3C6O:00000001 [INF] Request starting "HTTP/1.1" "GET" "http"://"localhost:5226""""/swagger/index.html""" - null null (d509f86a)
2024-05-06T20:07:46.7696701-03:00 0HN3E45BN3C6O:00000001 [INF] Request finished "HTTP/1.1" "GET" "http"://"localhost:5226""""/swagger/index.html""" - 200 null "text/html;charset=utf-8" 233.0523ms (74253ad3)
2024-05-06T20:07:46.9066611-03:00 0HN3E45BN3C6O:00000002 [INF] Request starting "HTTP/1.1" "GET" "http"://"localhost:5226""""/_framework/aspnetcore-browser-refresh.js""" - null null (d509f86a)
2024-05-06T20:07:46.9089693-03:00 0HN3E45BN3C6O:00000002 [INF] Request finished "HTTP/1.1" "GET" "http"://"localhost:5226""""/_framework/aspnetcore-browser-refresh.js""" - 200 13752 "application/javascript; charset=utf-8" 2.2528ms (74253ad3)
2024-05-06T20:07:46.9316791-03:00 0HN3E45BN3C6O:00000003 [INF] Request starting "HTTP/1.1" "GET" "http"://"localhost:5226""""/_vs/browserLink""" - null null (d509f86a)
2024-05-06T20:07:46.9918285-03:00 0HN3E45BN3C6O:00000003 [INF] Request finished "HTTP/1.1" "GET" "http"://"localhost:5226""""/_vs/browserLink""" - 200 null "text/javascript; charset=UTF-8" 60.1939ms (74253ad3)
2024-05-06T20:07:47.0728324-03:00 0HN3E45BN3C6O:00000004 [INF] Request starting "HTTP/1.1" "GET" "http"://"localhost:5226""""/swagger/v1/swagger.json""" - null null (d509f86a)
2024-05-06T20:07:47.1981238-03:00 0HN3E45BN3C6O:00000004 [INF] Request finished "HTTP/1.1" "GET" "http"://"localhost:5226""""/swagger/v1/swagger.json""" - 200 null "application/json;charset=utf-8" 125.2648ms (74253ad3)
2024-05-06T20:07:53.3665268-03:00 0HN3E45BN3C6O:00000005 [INF] Request starting "HTTP/1.1" "GET" "http"://"localhost:5226""""/swagger/index.html""" - null null (d509f86a)
2024-05-06T20:07:53.3861749-03:00 0HN3E45BN3C6O:00000005 [INF] Request finished "HTTP/1.1" "GET" "http"://"localhost:5226""""/swagger/index.html""" - 200 null "text/html;charset=utf-8" 19.3778ms (74253ad3)
2024-05-06T20:07:53.4419782-03:00 0HN3E45BN3C6O:00000006 [INF] Request starting "HTTP/1.1" "GET" "http"://"localhost:5226""""/_framework/aspnetcore-browser-refresh.js""" - null null (d509f86a)
2024-05-06T20:07:53.4423406-03:00 0HN3E45BN3C6P:00000001 [INF] Request starting "HTTP/1.1" "GET" "http"://"localhost:5226""""/_vs/browserLink""" - null null (d509f86a)
2024-05-06T20:07:53.4424358-03:00 0HN3E45BN3C6O:00000006 [INF] Request finished "HTTP/1.1" "GET" "http"://"localhost:5226""""/_framework/aspnetcore-browser-refresh.js""" - 200 13752 "application/javascript; charset=utf-8" 0.4456ms (74253ad3)
2024-05-06T20:07:53.4659060-03:00 0HN3E45BN3C6P:00000001 [INF] Request finished "HTTP/1.1" "GET" "http"://"localhost:5226""""/_vs/browserLink""" - 200 null "text/javascript; charset=UTF-8" 23.4318ms (74253ad3)
2024-05-06T20:07:53.5528061-03:00 0HN3E45BN3C6P:00000002 [INF] Request starting "HTTP/1.1" "GET" "http"://"localhost:5226""""/swagger/v1/swagger.json""" - null null (d509f86a)
2024-05-06T20:07:53.5655166-03:00 0HN3E45BN3C6P:00000002 [INF] Request finished "HTTP/1.1" "GET" "http"://"localhost:5226""""/swagger/v1/swagger.json""" - 200 null "application/json;charset=utf-8" 12.6936ms (74253ad3)
2024-05-06T20:07:59.0579957-03:00 0HN3E45BN3C6P:00000003 [INF] Request starting "HTTP/1.1" "GET" "http"://"localhost:5226""""/swagger/index.html""" - null null (d509f86a)
2024-05-06T20:07:59.0629083-03:00 0HN3E45BN3C6P:00000003 [INF] Request finished "HTTP/1.1" "GET" "http"://"localhost:5226""""/swagger/index.html""" - 200 null "text/html;charset=utf-8" 4.9144ms (74253ad3)
2024-05-06T20:07:59.1828852-03:00 0HN3E45BN3C6P:00000004 [INF] Request starting "HTTP/1.1" "GET" "http"://"localhost:5226""""/_framework/aspnetcore-browser-refresh.js""" - null null (d509f86a)
2024-05-06T20:07:59.1837019-03:00 0HN3E45BN3C6P:00000004 [INF] Request finished "HTTP/1.1" "GET" "http"://"localhost:5226""""/_framework/aspnetcore-browser-refresh.js""" - 200 13752 "application/javascript; charset=utf-8" 1.0478ms (74253ad3)
2024-05-06T20:07:59.1846324-03:00 0HN3E45BN3C6O:00000007 [INF] Request starting "HTTP/1.1" "GET" "http"://"localhost:5226""""/_vs/browserLink""" - null null (d509f86a)
2024-05-06T20:07:59.2017874-03:00 0HN3E45BN3C6O:00000007 [INF] Request finished "HTTP/1.1" "GET" "http"://"localhost:5226""""/_vs/browserLink""" - 200 null "text/javascript; charset=UTF-8" 17.0412ms (74253ad3)
2024-05-06T20:07:59.3209221-03:00 0HN3E45BN3C6O:00000008 [INF] Request starting "HTTP/1.1" "GET" "http"://"localhost:5226""""/swagger/v1/swagger.json""" - null null (d509f86a)
2024-05-06T20:07:59.3302261-03:00 0HN3E45BN3C6O:00000008 [INF] Request finished "HTTP/1.1" "GET" "http"://"localhost:5226""""/swagger/v1/swagger.json""" - 200 null "application/json;charset=utf-8" 9.5632ms (74253ad3)
2024-05-06T20:08:02.3295218-03:00 0HN3E45BN3C6O:00000009 [INF] Request starting "HTTP/1.1" "GET" "http"://"localhost:5226""""/swagger/index.html""" - null null (d509f86a)
2024-05-06T20:08:02.3324440-03:00 0HN3E45BN3C6O:00000009 [INF] Request finished "HTTP/1.1" "GET" "http"://"localhost:5226""""/swagger/index.html""" - 200 null "text/html;charset=utf-8" 3.0683ms (74253ad3)
2024-05-06T20:08:02.4065823-03:00 0HN3E45BN3C6O:0000000A [INF] Request starting "HTTP/1.1" "GET" "http"://"localhost:5226""""/_framework/aspnetcore-browser-refresh.js""" - null null (d509f86a)
2024-05-06T20:08:02.4065824-03:00 0HN3E45BN3C6P:00000005 [INF] Request starting "HTTP/1.1" "GET" "http"://"localhost:5226""""/_vs/browserLink""" - null null (d509f86a)
2024-05-06T20:08:02.4070561-03:00 0HN3E45BN3C6O:0000000A [INF] Request finished "HTTP/1.1" "GET" "http"://"localhost:5226""""/_framework/aspnetcore-browser-refresh.js""" - 200 13752 "application/javascript; charset=utf-8" 0.4972ms (74253ad3)
2024-05-06T20:08:02.4137781-03:00 0HN3E45BN3C6P:00000005 [INF] Request finished "HTTP/1.1" "GET" "http"://"localhost:5226""""/_vs/browserLink""" - 200 null "text/javascript; charset=UTF-8" 7.1697ms (74253ad3)
2024-05-06T20:08:02.5174476-03:00 0HN3E45BN3C6P:00000006 [INF] Request starting "HTTP/1.1" "GET" "http"://"localhost:5226""""/swagger/v1/swagger.json""" - null null (d509f86a)
2024-05-06T20:08:02.5254140-03:00 0HN3E45BN3C6P:00000006 [INF] Request finished "HTTP/1.1" "GET" "http"://"localhost:5226""""/swagger/v1/swagger.json""" - 200 null "application/json;charset=utf-8" 7.9131ms (74253ad3)
2024-05-06T20:08:02.6079417-03:00 0HN3E45BN3C6P:00000007 [INF] Request starting "HTTP/1.1" "GET" "http"://"localhost:5226""""/swagger/index.html""" - null null (d509f86a)
2024-05-06T20:08:02.6101875-03:00 0HN3E45BN3C6P:00000007 [INF] Request finished "HTTP/1.1" "GET" "http"://"localhost:5226""""/swagger/index.html""" - 200 null "text/html;charset=utf-8" 2.2372ms (74253ad3)
2024-05-06T20:08:02.6518410-03:00 0HN3E45BN3C6P:00000008 [INF] Request starting "HTTP/1.1" "GET" "http"://"localhost:5226""""/_vs/browserLink""" - null null (d509f86a)
2024-05-06T20:08:02.6520331-03:00 0HN3E45BN3C6O:0000000B [INF] Request starting "HTTP/1.1" "GET" "http"://"localhost:5226""""/_framework/aspnetcore-browser-refresh.js""" - null null (d509f86a)
2024-05-06T20:08:02.6522541-03:00 0HN3E45BN3C6O:0000000B [INF] Request finished "HTTP/1.1" "GET" "http"://"localhost:5226""""/_framework/aspnetcore-browser-refresh.js""" - 200 13752 "application/javascript; charset=utf-8" 0.2334ms (74253ad3)
2024-05-06T20:08:02.6578409-03:00 0HN3E45BN3C6P:00000008 [INF] Request finished "HTTP/1.1" "GET" "http"://"localhost:5226""""/_vs/browserLink""" - 200 null "text/javascript; charset=UTF-8" 5.8908ms (74253ad3)
2024-05-06T20:08:02.7198205-03:00 0HN3E45BN3C6P:00000009 [INF] Request starting "HTTP/1.1" "GET" "http"://"localhost:5226""""/swagger/v1/swagger.json""" - null null (d509f86a)
2024-05-06T20:08:02.7259516-03:00 0HN3E45BN3C6P:00000009 [INF] Request finished "HTTP/1.1" "GET" "http"://"localhost:5226""""/swagger/v1/swagger.json""" - 200 null "application/json;charset=utf-8" 6.0961ms (74253ad3)
2024-05-06T20:08:02.9793270-03:00 0HN3E45BN3C6P:0000000A [INF] Request starting "HTTP/1.1" "GET" "http"://"localhost:5226""""/swagger/index.html""" - null null (d509f86a)
2024-05-06T20:08:02.9816922-03:00 0HN3E45BN3C6P:0000000A [INF] Request finished "HTTP/1.1" "GET" "http"://"localhost:5226""""/swagger/index.html""" - 200 null "text/html;charset=utf-8" 2.285ms (74253ad3)
2024-05-06T20:08:03.0569667-03:00 0HN3E45BN3C6P:0000000B [INF] Request starting "HTTP/1.1" "GET" "http"://"localhost:5226""""/_vs/browserLink""" - null null (d509f86a)
2024-05-06T20:08:03.0603447-03:00 0HN3E45BN3C6O:0000000C [INF] Request starting "HTTP/1.1" "GET" "http"://"localhost:5226""""/_framework/aspnetcore-browser-refresh.js""" - null null (d509f86a)
2024-05-06T20:08:03.0605947-03:00 0HN3E45BN3C6O:0000000C [INF] Request finished "HTTP/1.1" "GET" "http"://"localhost:5226""""/_framework/aspnetcore-browser-refresh.js""" - 200 13752 "application/javascript; charset=utf-8" 0.2636ms (74253ad3)
2024-05-06T20:08:03.0613224-03:00 0HN3E45BN3C6P:0000000B [INF] Request finished "HTTP/1.1" "GET" "http"://"localhost:5226""""/_vs/browserLink""" - 200 null "text/javascript; charset=UTF-8" 4.5375ms (74253ad3)
2024-05-06T20:08:03.1221898-03:00 0HN3E45BN3C6P:0000000C [INF] Request starting "HTTP/1.1" "GET" "http"://"localhost:5226""""/swagger/v1/swagger.json""" - null null (d509f86a)
2024-05-06T20:08:03.1279657-03:00 0HN3E45BN3C6P:0000000C [INF] Request finished "HTTP/1.1" "GET" "http"://"localhost:5226""""/swagger/v1/swagger.json""" - 200 null "application/json;charset=utf-8" 5.7543ms (74253ad3)
2024-05-06T20:08:16.6639107-03:00  [INF] Now listening on: "http://localhost:5226" (d826f4b8)
2024-05-06T20:08:16.7540295-03:00  [INF] Application started. Press Ctrl+C to shut down. (dcaefe54)
2024-05-06T20:08:16.7549492-03:00  [INF] Hosting environment: "Development" (bc5a1a4e)
2024-05-06T20:08:16.7550075-03:00  [INF] Content root path: "C:\Aula Juliano\Aula-Juliano\ApiWebDB" (cc26f24e)
2024-05-06T20:08:17.7319963-03:00 0HN3E45KV1NT5:00000001 [INF] Request starting "HTTP/1.1" "GET" "http"://"localhost:5226""""/swagger/index.html""" - null null (d509f86a)
2024-05-06T20:08:17.9191146-03:00 0HN3E45KV1NT5:00000001 [INF] Request finished "HTTP/1.1" "GET" "http"://"localhost:5226""""/swagger/index.html""" - 200 null "text/html;charset=utf-8" 189.1302ms (74253ad3)
2024-05-06T20:08:18.0328995-03:00 0HN3E45KV1NT5:00000002 [INF] Request starting "HTTP/1.1" "GET" "http"://"localhost:5226""""/_framework/aspnetcore-browser-refresh.js""" - null null (d509f86a)
2024-05-06T20:08:18.0334491-03:00 0HN3E45KV1NT6:00000001 [INF] Request starting "HTTP/1.1" "GET" "http"://"localhost:5226""""/_vs/browserLink""" - null null (d509f86a)
2024-05-06T20:08:18.0387904-03:00 0HN3E45KV1NT5:00000002 [INF] Request finished "HTTP/1.1" "GET" "http"://"localhost:5226""""/_framework/aspnetcore-browser-refresh.js""" - 200 13752 "application/javascript; charset=utf-8" 4.92ms (74253ad3)
2024-05-06T20:08:18.1201647-03:00 0HN3E45KV1NT6:00000001 [INF] Request finished "HTTP/1.1" "GET" "http"://"localhost:5226""""/_vs/browserLink""" - 200 null "text/javascript; charset=UTF-8" 86.6273ms (74253ad3)
2024-05-06T20:08:18.3133376-03:00 0HN3E45KV1NT6:00000002 [INF] Request starting "HTTP/1.1" "GET" "http"://"localhost:5226""""/swagger/v1/swagger.json""" - null null (d509f86a)
2024-05-06T20:08:18.4342402-03:00 0HN3E45KV1NT6:00000002 [INF] Request finished "HTTP/1.1" "GET" "http"://"localhost:5226""""/swagger/v1/swagger.json""" - 200 null "application/json;charset=utf-8" 120.9244ms (74253ad3)
2024-05-06T20:09:55.0491188-03:00  [INF] Now listening on: "http://localhost:5226" (d826f4b8)
2024-05-06T20:09:55.1176536-03:00 0HN3E46I649U8:00000001 [INF] Request starting "HTTP/1.1" "GET" "http"://"localhost:5226""""/swagger/index.html""" - null null (d509f86a)
2024-05-06T20:09:55.1577394-03:00  [INF] Application started. Press Ctrl+C to shut down. (dcaefe54)
2024-05-06T20:09:55.1601698-03:00  [INF] Hosting environment: "Development" (bc5a1a4e)
2024-05-06T20:09:55.1604793-03:00  [INF] Content root path: "C:\Aula Juliano\Aula-Juliano\ApiWebDB" (cc26f24e)
2024-05-06T20:09:55.3310082-03:00 0HN3E46I649U8:00000001 [INF] Request finished "HTTP/1.1" "GET" "http"://"localhost:5226""""/swagger/index.html""" - 200 null "text/html;charset=utf-8" 215.2712ms (74253ad3)
2024-05-06T20:09:55.3876975-03:00 0HN3E46I649U8:00000002 [INF] Request starting "HTTP/1.1" "GET" "http"://"localhost:5226""""/_framework/aspnetcore-browser-refresh.js""" - null null (d509f86a)
2024-05-06T20:09:55.3896734-03:00 0HN3E46I649U8:00000002 [INF] Request finished "HTTP/1.1" "GET" "http"://"localhost:5226""""/_framework/aspnetcore-browser-refresh.js""" - 200 13752 "application/javascript; charset=utf-8" 1.96ms (74253ad3)
2024-05-06T20:09:55.4084222-03:00 0HN3E46I649U8:00000003 [INF] Request starting "HTTP/1.1" "GET" "http"://"localhost:5226""""/_vs/browserLink""" - null null (d509f86a)
2024-05-06T20:09:55.4435935-03:00 0HN3E46I649U8:00000003 [INF] Request finished "HTTP/1.1" "GET" "http"://"localhost:5226""""/_vs/browserLink""" - 200 null "text/javascript; charset=UTF-8" 35.1381ms (74253ad3)
2024-05-06T20:09:55.5014527-03:00 0HN3E46I649U8:00000004 [INF] Request starting "HTTP/1.1" "GET" "http"://"localhost:5226""""/swagger/v1/swagger.json""" - null null (d509f86a)
2024-05-06T20:09:55.6134339-03:00 0HN3E46I649U8:00000004 [INF] Request finished "HTTP/1.1" "GET" "http"://"localhost:5226""""/swagger/v1/swagger.json""" - 200 null "application/json;charset=utf-8" 111.9736ms (74253ad3)
2024-05-06T20:10:13.7459626-03:00 0HN3E46I649U8:00000005 [INF] Request starting "HTTP/1.1" "GET" "http"://"localhost:5226""""/swagger/index.html""" - null null (d509f86a)
2024-05-06T20:10:13.7644864-03:00 0HN3E46I649U8:00000005 [INF] Request finished "HTTP/1.1" "GET" "http"://"localhost:5226""""/swagger/index.html""" - 200 null "text/html;charset=utf-8" 18.4179ms (74253ad3)
2024-05-06T20:10:13.8790918-03:00 0HN3E46I649U8:00000006 [INF] Request starting "HTTP/1.1" "GET" "http"://"localhost:5226""""/_vs/browserLink""" - null null (d509f86a)
2024-05-06T20:10:13.8808014-03:00 0HN3E46I649U9:00000001 [INF] Request starting "HTTP/1.1" "GET" "http"://"localhost:5226""""/_framework/aspnetcore-browser-refresh.js""" - null null (d509f86a)
2024-05-06T20:10:13.8818673-03:00 0HN3E46I649U9:00000001 [INF] Request finished "HTTP/1.1" "GET" "http"://"localhost:5226""""/_framework/aspnetcore-browser-refresh.js""" - 200 13752 "application/javascript; charset=utf-8" 1.1531ms (74253ad3)
2024-05-06T20:10:13.9131808-03:00 0HN3E46I649U8:00000006 [INF] Request finished "HTTP/1.1" "GET" "http"://"localhost:5226""""/_vs/browserLink""" - 200 null "text/javascript; charset=UTF-8" 34.1282ms (74253ad3)
2024-05-06T20:10:14.0225503-03:00 0HN3E46I649U8:00000007 [INF] Request starting "HTTP/1.1" "GET" "http"://"localhost:5226""""/swagger/v1/swagger.json""" - null null (d509f86a)
2024-05-06T20:10:14.0410055-03:00 0HN3E46I649U8:00000007 [INF] Request finished "HTTP/1.1" "GET" "http"://"localhost:5226""""/swagger/v1/swagger.json""" - 200 null "application/json;charset=utf-8" 18.0696ms (74253ad3)
2024-05-06T20:11:05.4414694-03:00 0HN3E46I649U8:00000008 [INF] Request starting "HTTP/1.1" "GET" "http"://"localhost:5226""""/swagger/index.html""" - null null (d509f86a)
2024-05-06T20:11:05.4498808-03:00 0HN3E46I649U8:00000008 [INF] Request finished "HTTP/1.1" "GET" "http"://"localhost:5226""""/swagger/index.html""" - 200 null "text/html;charset=utf-8" 9.0058ms (74253ad3)
2024-05-06T20:11:05.5699211-03:00 0HN3E46I649U8:00000009 [INF] Request starting "HTTP/1.1" "GET" "http"://"localhost:5226""""/_vs/browserLink""" - null null (d509f86a)
2024-05-06T20:11:05.5701072-03:00 0HN3E46I649U9:00000002 [INF] Request starting "HTTP/1.1" "GET" "http"://"localhost:5226""""/_framework/aspnetcore-browser-refresh.js""" - null null (d509f86a)
2024-05-06T20:11:05.5705166-03:00 0HN3E46I649U9:00000002 [INF] Request finished "HTTP/1.1" "GET" "http"://"localhost:5226""""/_framework/aspnetcore-browser-refresh.js""" - 200 13752 "application/javascript; charset=utf-8" 0.3548ms (74253ad3)
2024-05-06T20:11:05.5814055-03:00 0HN3E46I649U8:00000009 [INF] Request finished "HTTP/1.1" "GET" "http"://"localhost:5226""""/_vs/browserLink""" - 200 null "text/javascript; charset=UTF-8" 11.4398ms (74253ad3)
2024-05-06T20:11:05.6705431-03:00 0HN3E46I649U8:0000000A [INF] Request starting "HTTP/1.1" "GET" "http"://"localhost:5226""""/swagger/v1/swagger.json""" - null null (d509f86a)
2024-05-06T20:11:05.6882257-03:00 0HN3E46I649U8:0000000A [INF] Request finished "HTTP/1.1" "GET" "http"://"localhost:5226""""/swagger/v1/swagger.json""" - 200 null "application/json;charset=utf-8" 17.6424ms (74253ad3)
2024-05-06T20:20:42.4829673-03:00  [INF] Now listening on: "http://localhost:5226" (d826f4b8)
2024-05-06T20:20:42.5688265-03:00  [INF] Application started. Press Ctrl+C to shut down. (dcaefe54)
2024-05-06T20:20:42.5696980-03:00  [INF] Hosting environment: "Development" (bc5a1a4e)
2024-05-06T20:20:42.5697565-03:00  [INF] Content root path: "C:\Aula Juliano\Aula-Juliano\ApiWebDB" (cc26f24e)
2024-05-06T20:20:42.8475341-03:00 0HN3E4CJ551T2:00000001 [INF] Request starting "HTTP/1.1" "GET" "http"://"localhost:5226""""/swagger/index.html""" - null null (d509f86a)
2024-05-06T20:20:43.0392192-03:00 0HN3E4CJ551T2:00000001 [INF] Request finished "HTTP/1.1" "GET" "http"://"localhost:5226""""/swagger/index.html""" - 200 null "text/html;charset=utf-8" 193.2812ms (74253ad3)
2024-05-06T20:20:43.0843101-03:00 0HN3E4CJ551T2:00000002 [INF] Request starting "HTTP/1.1" "GET" "http"://"localhost:5226""""/_framework/aspnetcore-browser-refresh.js""" - null null (d509f86a)
2024-05-06T20:20:43.0872926-03:00 0HN3E4CJ551T2:00000002 [INF] Request finished "HTTP/1.1" "GET" "http"://"localhost:5226""""/_framework/aspnetcore-browser-refresh.js""" - 200 13752 "application/javascript; charset=utf-8" 2.936ms (74253ad3)
2024-05-06T20:20:43.1118431-03:00 0HN3E4CJ551T2:00000003 [INF] Request starting "HTTP/1.1" "GET" "http"://"localhost:5226""""/_vs/browserLink""" - null null (d509f86a)
2024-05-06T20:20:43.1458411-03:00 0HN3E4CJ551T2:00000003 [INF] Request finished "HTTP/1.1" "GET" "http"://"localhost:5226""""/_vs/browserLink""" - 200 null "text/javascript; charset=UTF-8" 33.9651ms (74253ad3)
2024-05-06T20:20:43.1931938-03:00 0HN3E4CJ551T2:00000004 [INF] Request starting "HTTP/1.1" "GET" "http"://"localhost:5226""""/swagger/v1/swagger.json""" - null null (d509f86a)
2024-05-06T20:20:43.2889553-03:00 0HN3E4CJ551T2:00000004 [INF] Request finished "HTTP/1.1" "GET" "http"://"localhost:5226""""/swagger/v1/swagger.json""" - 200 null "application/json;charset=utf-8" 95.7465ms (74253ad3)
2024-05-06T20:20:47.9297389-03:00 0HN3E4CJ551T2:00000005 [INF] Request starting "HTTP/1.1" "GET" "http"://"localhost:5226""""/swagger/index.html""" - null null (d509f86a)
2024-05-06T20:20:47.9484501-03:00 0HN3E4CJ551T2:00000005 [INF] Request finished "HTTP/1.1" "GET" "http"://"localhost:5226""""/swagger/index.html""" - 200 null "text/html;charset=utf-8" 18.7114ms (74253ad3)
2024-05-06T20:20:48.0385972-03:00 0HN3E4CJ551T2:00000006 [INF] Request starting "HTTP/1.1" "GET" "http"://"localhost:5226""""/_framework/aspnetcore-browser-refresh.js""" - null null (d509f86a)
2024-05-06T20:20:48.0389046-03:00 0HN3E4CJ551T3:00000001 [INF] Request starting "HTTP/1.1" "GET" "http"://"localhost:5226""""/_vs/browserLink""" - null null (d509f86a)
2024-05-06T20:20:48.0390197-03:00 0HN3E4CJ551T2:00000006 [INF] Request finished "HTTP/1.1" "GET" "http"://"localhost:5226""""/_framework/aspnetcore-browser-refresh.js""" - 200 13752 "application/javascript; charset=utf-8" 0.6378ms (74253ad3)
2024-05-06T20:20:48.0615824-03:00 0HN3E4CJ551T3:00000001 [INF] Request finished "HTTP/1.1" "GET" "http"://"localhost:5226""""/_vs/browserLink""" - 200 null "text/javascript; charset=UTF-8" 22.5831ms (74253ad3)
2024-05-06T20:20:48.1525901-03:00 0HN3E4CJ551T3:00000002 [INF] Request starting "HTTP/1.1" "GET" "http"://"localhost:5226""""/swagger/v1/swagger.json""" - null null (d509f86a)
2024-05-06T20:20:48.1746298-03:00 0HN3E4CJ551T3:00000002 [INF] Request finished "HTTP/1.1" "GET" "http"://"localhost:5226""""/swagger/v1/swagger.json""" - 200 null "application/json;charset=utf-8" 22.1461ms (74253ad3)
2024-05-06T20:24:27.7369983-03:00  [INF] Now listening on: "http://localhost:5226" (d826f4b8)
2024-05-06T20:24:27.8255973-03:00  [INF] Application started. Press Ctrl+C to shut down. (dcaefe54)
2024-05-06T20:24:27.8263233-03:00  [INF] Hosting environment: "Development" (bc5a1a4e)
2024-05-06T20:24:27.8263742-03:00  [INF] Content root path: "C:\Aula Juliano\Aula-Juliano\ApiWebDB" (cc26f24e)
2024-05-06T20:24:28.0161295-03:00 0HN3E4EM9VVTE:00000001 [INF] Request starting "HTTP/1.1" "GET" "http"://"localhost:5226""""/swagger/index.html""" - null null (d509f86a)
2024-05-06T20:24:28.1715506-03:00 0HN3E4EM9VVTE:00000001 [INF] Request finished "HTTP/1.1" "GET" "http"://"localhost:5226""""/swagger/index.html""" - 200 null "text/html;charset=utf-8" 156.9203ms (74253ad3)
2024-05-06T20:24:28.2110383-03:00 0HN3E4EM9VVTE:00000002 [INF] Request starting "HTTP/1.1" "GET" "http"://"localhost:5226""""/_framework/aspnetcore-browser-refresh.js""" - null null (d509f86a)
2024-05-06T20:24:28.2131307-03:00 0HN3E4EM9VVTE:00000002 [INF] Request finished "HTTP/1.1" "GET" "http"://"localhost:5226""""/_framework/aspnetcore-browser-refresh.js""" - 200 13752 "application/javascript; charset=utf-8" 2.0441ms (74253ad3)
2024-05-06T20:24:28.2389784-03:00 0HN3E4EM9VVTE:00000003 [INF] Request starting "HTTP/1.1" "GET" "http"://"localhost:5226""""/_vs/browserLink""" - null null (d509f86a)
2024-05-06T20:24:28.2705278-03:00 0HN3E4EM9VVTE:00000003 [INF] Request finished "HTTP/1.1" "GET" "http"://"localhost:5226""""/_vs/browserLink""" - 200 null "text/javascript; charset=UTF-8" 31.5169ms (74253ad3)
2024-05-06T20:24:28.3191293-03:00 0HN3E4EM9VVTE:00000004 [INF] Request starting "HTTP/1.1" "GET" "http"://"localhost:5226""""/swagger/v1/swagger.json""" - null null (d509f86a)
2024-05-06T20:24:28.4232532-03:00 0HN3E4EM9VVTE:00000004 [INF] Request finished "HTTP/1.1" "GET" "http"://"localhost:5226""""/swagger/v1/swagger.json""" - 200 null "application/json;charset=utf-8" 104.0775ms (74253ad3)
2024-05-06T20:24:31.7388479-03:00 0HN3E4EM9VVTE:00000005 [INF] Request starting "HTTP/1.1" "GET" "http"://"localhost:5226""""/swagger/index.html""" - null null (d509f86a)
2024-05-06T20:24:31.7578066-03:00 0HN3E4EM9VVTE:00000005 [INF] Request finished "HTTP/1.1" "GET" "http"://"localhost:5226""""/swagger/index.html""" - 200 null "text/html;charset=utf-8" 18.9658ms (74253ad3)
2024-05-06T20:24:31.8391732-03:00 0HN3E4EM9VVTE:00000006 [INF] Request starting "HTTP/1.1" "GET" "http"://"localhost:5226""""/_framework/aspnetcore-browser-refresh.js""" - null null (d509f86a)
2024-05-06T20:24:31.8394653-03:00 0HN3E4EM9VVTF:00000001 [INF] Request starting "HTTP/1.1" "GET" "http"://"localhost:5226""""/_vs/browserLink""" - null null (d509f86a)
2024-05-06T20:24:31.8400533-03:00 0HN3E4EM9VVTE:00000006 [INF] Request finished "HTTP/1.1" "GET" "http"://"localhost:5226""""/_framework/aspnetcore-browser-refresh.js""" - 200 13752 "application/javascript; charset=utf-8" 1.0972ms (74253ad3)
2024-05-06T20:24:31.8599410-03:00 0HN3E4EM9VVTF:00000001 [INF] Request finished "HTTP/1.1" "GET" "http"://"localhost:5226""""/_vs/browserLink""" - 200 null "text/javascript; charset=UTF-8" 20.5064ms (74253ad3)
2024-05-06T20:24:31.9835663-03:00 0HN3E4EM9VVTF:00000002 [INF] Request starting "HTTP/1.1" "GET" "http"://"localhost:5226""""/swagger/v1/swagger.json""" - null null (d509f86a)
2024-05-06T20:24:31.9992237-03:00 0HN3E4EM9VVTF:00000002 [INF] Request finished "HTTP/1.1" "GET" "http"://"localhost:5226""""/swagger/v1/swagger.json""" - 200 null "application/json;charset=utf-8" 15.6243ms (74253ad3)
